Analysis & Synthesis report for DE1_SoC
Mon May 18 16:50:15 2015
Quartus II 64-Bit Version 14.0.0 Build 200 06/17/2014 SJ Full Version


---------------------
; Table of Contents ;
---------------------
  1. Legal Notice
  2. Analysis & Synthesis Summary
  3. Analysis & Synthesis Settings
  4. Parallel Compilation
  5. Analysis & Synthesis Source Files Read
  6. Analysis & Synthesis Resource Usage Summary
  7. Analysis & Synthesis Resource Utilization by Entity
  8. Registers Removed During Synthesis
  9. General Register Statistics
 10. Parameter Settings for User Entity Instance: Top-level Entity: |DE1_SoC
 11. Parameter Settings for User Entity Instance: lfsr9:r|lfsr:l1
 12. Parameter Settings for User Entity Instance: lfsr9:r|lfsr:l2
 13. Parameter Settings for User Entity Instance: lfsr9:r|lfsr:l3
 14. Parameter Settings for User Entity Instance: lfsr9:r|lfsr:l4
 15. Parameter Settings for User Entity Instance: lfsr9:r|lfsr:l5
 16. Parameter Settings for User Entity Instance: lfsr9:r|lfsr:l6
 17. Parameter Settings for User Entity Instance: lfsr9:r|lfsr:l7
 18. Parameter Settings for User Entity Instance: lfsr9:r|lfsr:l8
 19. Parameter Settings for User Entity Instance: lfsr9:r|lfsr:l9
 20. Parameter Settings for User Entity Instance: adder:comp
 21. Parameter Settings for User Entity Instance: user_input:p1L
 22. Parameter Settings for User Entity Instance: user_input:p2R
 23. Parameter Settings for User Entity Instance: normalLight:n1
 24. Parameter Settings for User Entity Instance: normalLight:n2
 25. Parameter Settings for User Entity Instance: normalLight:n3
 26. Parameter Settings for User Entity Instance: normalLight:n4
 27. Parameter Settings for User Entity Instance: normalLight:n5
 28. Parameter Settings for User Entity Instance: normalLight:n6
 29. Parameter Settings for User Entity Instance: normalLight:n7
 30. Parameter Settings for User Entity Instance: normalLight:n8
 31. Parameter Settings for User Entity Instance: normalLight:n9
 32. Parameter Settings for User Entity Instance: victory:vl
 33. Parameter Settings for User Entity Instance: victory:vr
 34. Port Connectivity Checks: "victory:vr"
 35. Port Connectivity Checks: "victory:vl"
 36. Port Connectivity Checks: "normalLight:n9"
 37. Port Connectivity Checks: "normalLight:n8"
 38. Port Connectivity Checks: "normalLight:n7"
 39. Port Connectivity Checks: "normalLight:n6"
 40. Port Connectivity Checks: "normalLight:n5"
 41. Port Connectivity Checks: "normalLight:n4"
 42. Port Connectivity Checks: "normalLight:n3"
 43. Port Connectivity Checks: "normalLight:n2"
 44. Port Connectivity Checks: "normalLight:n1"
 45. Port Connectivity Checks: "user_input:p2R"
 46. Port Connectivity Checks: "user_input:p1L"
 47. Port Connectivity Checks: "adder:comp"
 48. Port Connectivity Checks: "lfsr9:r"
 49. Port Connectivity Checks: "clock_divider:cdiv"
 50. Post-Synthesis Netlist Statistics for Top Partition
 51. Elapsed Time Per Partition
 52. Analysis & Synthesis Messages
 53. Analysis & Synthesis Suppressed Messages



----------------
; Legal Notice ;
----------------
Copyright (C) 1991-2014 Altera Corporation. All rights reserved.
Your use of Altera Corporation's design tools, logic functions 
and other software and tools, and its AMPP partner logic 
functions, and any output files from any of the foregoing 
(including device programming or simulation files), and any 
associated documentation or information are expressly subject 
to the terms and conditions of the Altera Program License 
Subscription Agreement, the Altera Quartus II License Agreement,
the Altera MegaCore Function License Agreement, or other 
applicable license agreement, including, without limitation, 
that your use is for the sole purpose of programming logic 
devices manufactured by Altera and sold by Altera or its 
authorized distributors.  Please refer to the applicable 
agreement for further details.



+-------------------------------------------------------------------------------+
; Analysis & Synthesis Summary                                                  ;
+---------------------------------+---------------------------------------------+
; Analysis & Synthesis Status     ; Successful - Mon May 18 16:50:15 2015       ;
; Quartus II 64-Bit Version       ; 14.0.0 Build 200 06/17/2014 SJ Full Version ;
; Revision Name                   ; DE1_SoC                                     ;
; Top-level Entity Name           ; DE1_SoC                                     ;
; Family                          ; Cyclone V                                   ;
; Logic utilization (in ALMs)     ; N/A                                         ;
; Total registers                 ; 35                                          ;
; Total pins                      ; 67                                          ;
; Total virtual pins              ; 0                                           ;
; Total block memory bits         ; 0                                           ;
; Total DSP Blocks                ; 0                                           ;
; Total HSSI RX PCSs              ; 0                                           ;
; Total HSSI PMA RX Deserializers ; 0                                           ;
; Total HSSI TX PCSs              ; 0                                           ;
; Total HSSI PMA TX Serializers   ; 0                                           ;
; Total PLLs                      ; 0                                           ;
; Total DLLs                      ; 0                                           ;
+---------------------------------+---------------------------------------------+


+---------------------------------------------------------------------------------------------------------------------------+
; Analysis & Synthesis Settings                                                                                             ;
+---------------------------------------------------------------------------------+--------------------+--------------------+
; Option                                                                          ; Setting            ; Default Value      ;
+---------------------------------------------------------------------------------+--------------------+--------------------+
; Device                                                                          ; 5CSEMA5F31C6       ;                    ;
; Top-level entity name                                                           ; DE1_SoC            ; DE1_SoC            ;
; Family name                                                                     ; Cyclone V          ; Cyclone IV GX      ;
; State Machine Processing                                                        ; User-Encoded       ; Auto               ;
; Use smart compilation                                                           ; Off                ; Off                ;
; Enable parallel Assembler and TimeQuest Timing Analyzer during compilation      ; On                 ; On                 ;
; Enable compact report table                                                     ; Off                ; Off                ;
; Restructure Multiplexers                                                        ; Auto               ; Auto               ;
; MLAB Add Timing Constraints For Mixed-Port Feed-Through Mode Setting Don't Care ; Off                ; Off                ;
; Create Debugging Nodes for IP Cores                                             ; Off                ; Off                ;
; Preserve fewer node names                                                       ; On                 ; On                 ;
; Disable OpenCore Plus hardware evaluation                                       ; Off                ; Off                ;
; Verilog Version                                                                 ; Verilog_2001       ; Verilog_2001       ;
; VHDL Version                                                                    ; VHDL_1993          ; VHDL_1993          ;
; Safe State Machine                                                              ; Off                ; Off                ;
; Extract Verilog State Machines                                                  ; On                 ; On                 ;
; Extract VHDL State Machines                                                     ; On                 ; On                 ;
; Ignore Verilog initial constructs                                               ; Off                ; Off                ;
; Iteration limit for constant Verilog loops                                      ; 5000               ; 5000               ;
; Iteration limit for non-constant Verilog loops                                  ; 250                ; 250                ;
; Add Pass-Through Logic to Inferred RAMs                                         ; On                 ; On                 ;
; Infer RAMs from Raw Logic                                                       ; On                 ; On                 ;
; Parallel Synthesis                                                              ; On                 ; On                 ;
; DSP Block Balancing                                                             ; Auto               ; Auto               ;
; NOT Gate Push-Back                                                              ; On                 ; On                 ;
; Power-Up Don't Care                                                             ; On                 ; On                 ;
; Remove Redundant Logic Cells                                                    ; Off                ; Off                ;
; Remove Duplicate Registers                                                      ; On                 ; On                 ;
; Ignore CARRY Buffers                                                            ; Off                ; Off                ;
; Ignore CASCADE Buffers                                                          ; Off                ; Off                ;
; Ignore GLOBAL Buffers                                                           ; Off                ; Off                ;
; Ignore ROW GLOBAL Buffers                                                       ; Off                ; Off                ;
; Ignore LCELL Buffers                                                            ; Off                ; Off                ;
; Ignore SOFT Buffers                                                             ; On                 ; On                 ;
; Limit AHDL Integers to 32 Bits                                                  ; Off                ; Off                ;
; Optimization Technique                                                          ; Balanced           ; Balanced           ;
; Carry Chain Length                                                              ; 70                 ; 70                 ;
; Auto Carry Chains                                                               ; On                 ; On                 ;
; Auto Open-Drain Pins                                                            ; On                 ; On                 ;
; Perform WYSIWYG Primitive Resynthesis                                           ; Off                ; Off                ;
; Auto ROM Replacement                                                            ; On                 ; On                 ;
; Auto RAM Replacement                                                            ; On                 ; On                 ;
; Auto DSP Block Replacement                                                      ; On                 ; On                 ;
; Auto Shift Register Replacement                                                 ; Auto               ; Auto               ;
; Allow Shift Register Merging across Hierarchies                                 ; Auto               ; Auto               ;
; Auto Clock Enable Replacement                                                   ; On                 ; On                 ;
; Strict RAM Replacement                                                          ; Off                ; Off                ;
; Allow Synchronous Control Signals                                               ; On                 ; On                 ;
; Force Use of Synchronous Clear Signals                                          ; Off                ; Off                ;
; Auto Resource Sharing                                                           ; Off                ; Off                ;
; Allow Any RAM Size For Recognition                                              ; Off                ; Off                ;
; Allow Any ROM Size For Recognition                                              ; Off                ; Off                ;
; Allow Any Shift Register Size For Recognition                                   ; Off                ; Off                ;
; Use LogicLock Constraints during Resource Balancing                             ; On                 ; On                 ;
; Ignore translate_off and synthesis_off directives                               ; Off                ; Off                ;
; Timing-Driven Synthesis                                                         ; On                 ; On                 ;
; Report Parameter Settings                                                       ; On                 ; On                 ;
; Report Source Assignments                                                       ; On                 ; On                 ;
; Report Connectivity Checks                                                      ; On                 ; On                 ;
; Ignore Maximum Fan-Out Assignments                                              ; Off                ; Off                ;
; Synchronization Register Chain Length                                           ; 3                  ; 3                  ;
; PowerPlay Power Optimization                                                    ; Normal compilation ; Normal compilation ;
; HDL message level                                                               ; Level2             ; Level2             ;
; Suppress Register Optimization Related Messages                                 ; Off                ; Off                ;
; Number of Removed Registers Reported in Synthesis Report                        ; 5000               ; 5000               ;
; Number of Swept Nodes Reported in Synthesis Report                              ; 5000               ; 5000               ;
; Number of Inverted Registers Reported in Synthesis Report                       ; 100                ; 100                ;
; Clock MUX Protection                                                            ; On                 ; On                 ;
; Auto Gated Clock Conversion                                                     ; Off                ; Off                ;
; Block Design Naming                                                             ; Auto               ; Auto               ;
; SDC constraint protection                                                       ; Off                ; Off                ;
; Synthesis Effort                                                                ; Auto               ; Auto               ;
; Shift Register Replacement - Allow Asynchronous Clear Signal                    ; On                 ; On                 ;
; Pre-Mapping Resynthesis Optimization                                            ; Off                ; Off                ;
; Analysis & Synthesis Message Level                                              ; Medium             ; Medium             ;
; Disable Register Merging Across Hierarchies                                     ; Auto               ; Auto               ;
; Resource Aware Inference For Block RAM                                          ; On                 ; On                 ;
; Synthesis Seed                                                                  ; 1                  ; 1                  ;
; Automatic Parallel Synthesis                                                    ; On                 ; On                 ;
; Partial Reconfiguration Bitstream ID                                            ; Off                ; Off                ;
+---------------------------------------------------------------------------------+--------------------+--------------------+


+------------------------------------------+
; Parallel Compilation                     ;
+----------------------------+-------------+
; Processors                 ; Number      ;
+----------------------------+-------------+
; Number detected on machine ; 4           ;
; Maximum allowed            ; 2           ;
;                            ;             ;
; Average used               ; 1.00        ;
; Maximum used               ; 1           ;
;                            ;             ;
; Usage by Processor         ; % Time Used ;
;     Processor 1            ; 100.0%      ;
;     Processors 2-4         ;   0.0%      ;
+----------------------------+-------------+


+----------------------------------------------------------------------------------------------------------------------------+
; Analysis & Synthesis Source Files Read                                                                                     ;
+----------------------------------+-----------------+------------------------------+------------------------------+---------+
; File Name with User-Entered Path ; Used in Netlist ; File Type                    ; File Name with Absolute Path ; Library ;
+----------------------------------+-----------------+------------------------------+------------------------------+---------+
; DE1_SoC.sv                       ; yes             ; User SystemVerilog HDL File  ; U:/ee271/lab7/DE1_SoC.sv     ;         ;
; user_input.sv                    ; yes             ; User SystemVerilog HDL File  ; U:/ee271/lab7/user_input.sv  ;         ;
; normalLight.sv                   ; yes             ; User SystemVerilog HDL File  ; U:/ee271/lab7/normalLight.sv ;         ;
; victory.sv                       ; yes             ; User SystemVerilog HDL File  ; U:/ee271/lab7/victory.sv     ;         ;
; lfsr.sv                          ; yes             ; User SystemVerilog HDL File  ; U:/ee271/lab7/lfsr.sv        ;         ;
; adder.sv                         ; yes             ; User SystemVerilog HDL File  ; U:/ee271/lab7/adder.sv       ;         ;
; lfsr9.sv                         ; yes             ; User SystemVerilog HDL File  ; U:/ee271/lab7/lfsr9.sv       ;         ;
+----------------------------------+-----------------+------------------------------+------------------------------+---------+


+------------------------------------------------------------------------------------+
; Analysis & Synthesis Resource Usage Summary                                        ;
+---------------------------------------------+--------------------------------------+
; Resource                                    ; Usage                                ;
+---------------------------------------------+--------------------------------------+
; Estimate of Logic utilization (ALMs needed) ; 65                                   ;
;                                             ;                                      ;
; Combinational ALUT usage for logic          ; 88                                   ;
;     -- 7 input functions                    ; 0                                    ;
;     -- 6 input functions                    ; 40                                   ;
;     -- 5 input functions                    ; 7                                    ;
;     -- 4 input functions                    ; 20                                   ;
;     -- <=3 input functions                  ; 21                                   ;
;                                             ;                                      ;
; Dedicated logic registers                   ; 35                                   ;
;                                             ;                                      ;
; I/O pins                                    ; 67                                   ;
; Total DSP Blocks                            ; 0                                    ;
; Maximum fan-out node                        ; clock_divider:cdiv|divided_clocks[0] ;
; Maximum fan-out                             ; 35                                   ;
; Total fan-out                               ; 587                                  ;
; Average fan-out                             ; 2.28                                 ;
+---------------------------------------------+--------------------------------------+


+-------------------------------------------------------------------------------------------------------------------------------------------------------------------+
; Analysis & Synthesis Resource Utilization by Entity                                                                                                               ;
+----------------------------+-------------------+--------------+-------------------+------------+------+--------------+-----------------------------+--------------+
; Compilation Hierarchy Node ; LC Combinationals ; LC Registers ; Block Memory Bits ; DSP Blocks ; Pins ; Virtual Pins ; Full Hierarchy Name         ; Library Name ;
+----------------------------+-------------------+--------------+-------------------+------------+------+--------------+-----------------------------+--------------+
; |DE1_SoC                   ; 88 (6)            ; 35 (0)       ; 0                 ; 0          ; 67   ; 0            ; |DE1_SoC                    ; work         ;
;    |adder:comp|            ; 10 (10)           ; 0 (0)        ; 0                 ; 0          ; 0    ; 0            ; |DE1_SoC|adder:comp         ; work         ;
;    |clock_divider:cdiv|    ; 1 (1)             ; 1 (1)        ; 0                 ; 0          ; 0    ; 0            ; |DE1_SoC|clock_divider:cdiv ; work         ;
;    |lfsr9:r|               ; 1 (1)             ; 9 (0)        ; 0                 ; 0          ; 0    ; 0            ; |DE1_SoC|lfsr9:r            ; work         ;
;       |lfsr:l1|            ; 0 (0)             ; 1 (1)        ; 0                 ; 0          ; 0    ; 0            ; |DE1_SoC|lfsr9:r|lfsr:l1    ; work         ;
;       |lfsr:l2|            ; 0 (0)             ; 1 (1)        ; 0                 ; 0          ; 0    ; 0            ; |DE1_SoC|lfsr9:r|lfsr:l2    ; work         ;
;       |lfsr:l3|            ; 0 (0)             ; 1 (1)        ; 0                 ; 0          ; 0    ; 0            ; |DE1_SoC|lfsr9:r|lfsr:l3    ; work         ;
;       |lfsr:l4|            ; 0 (0)             ; 1 (1)        ; 0                 ; 0          ; 0    ; 0            ; |DE1_SoC|lfsr9:r|lfsr:l4    ; work         ;
;       |lfsr:l5|            ; 0 (0)             ; 1 (1)        ; 0                 ; 0          ; 0    ; 0            ; |DE1_SoC|lfsr9:r|lfsr:l5    ; work         ;
;       |lfsr:l6|            ; 0 (0)             ; 1 (1)        ; 0                 ; 0          ; 0    ; 0            ; |DE1_SoC|lfsr9:r|lfsr:l6    ; work         ;
;       |lfsr:l7|            ; 0 (0)             ; 1 (1)        ; 0                 ; 0          ; 0    ; 0            ; |DE1_SoC|lfsr9:r|lfsr:l7    ; work         ;
;       |lfsr:l8|            ; 0 (0)             ; 1 (1)        ; 0                 ; 0          ; 0    ; 0            ; |DE1_SoC|lfsr9:r|lfsr:l8    ; work         ;
;       |lfsr:l9|            ; 0 (0)             ; 1 (1)        ; 0                 ; 0          ; 0    ; 0            ; |DE1_SoC|lfsr9:r|lfsr:l9    ; work         ;
;    |normalLight:n1|        ; 2 (2)             ; 1 (1)        ; 0                 ; 0          ; 0    ; 0            ; |DE1_SoC|normalLight:n1     ; work         ;
;    |normalLight:n2|        ; 2 (2)             ; 1 (1)        ; 0                 ; 0          ; 0    ; 0            ; |DE1_SoC|normalLight:n2     ; work         ;
;    |normalLight:n3|        ; 2 (2)             ; 1 (1)        ; 0                 ; 0          ; 0    ; 0            ; |DE1_SoC|normalLight:n3     ; work         ;
;    |normalLight:n4|        ; 2 (2)             ; 1 (1)        ; 0                 ; 0          ; 0    ; 0            ; |DE1_SoC|normalLight:n4     ; work         ;
;    |normalLight:n5|        ; 2 (2)             ; 1 (1)        ; 0                 ; 0          ; 0    ; 0            ; |DE1_SoC|normalLight:n5     ; work         ;
;    |normalLight:n6|        ; 2 (2)             ; 1 (1)        ; 0                 ; 0          ; 0    ; 0            ; |DE1_SoC|normalLight:n6     ; work         ;
;    |normalLight:n7|        ; 2 (2)             ; 1 (1)        ; 0                 ; 0          ; 0    ; 0            ; |DE1_SoC|normalLight:n7     ; work         ;
;    |normalLight:n8|        ; 2 (2)             ; 1 (1)        ; 0                 ; 0          ; 0    ; 0            ; |DE1_SoC|normalLight:n8     ; work         ;
;    |normalLight:n9|        ; 2 (2)             ; 1 (1)        ; 0                 ; 0          ; 0    ; 0            ; |DE1_SoC|normalLight:n9     ; work         ;
;    |user_input:p1L|        ; 0 (0)             ; 1 (1)        ; 0                 ; 0          ; 0    ; 0            ; |DE1_SoC|user_input:p1L     ; work         ;
;    |user_input:p2R|        ; 1 (1)             ; 1 (1)        ; 0                 ; 0          ; 0    ; 0            ; |DE1_SoC|user_input:p2R     ; work         ;
;    |victory:vl|            ; 27 (27)           ; 7 (7)        ; 0                 ; 0          ; 0    ; 0            ; |DE1_SoC|victory:vl         ; work         ;
;    |victory:vr|            ; 24 (24)           ; 7 (7)        ; 0                 ; 0          ; 0    ; 0            ; |DE1_SoC|victory:vr         ; work         ;
+----------------------------+-------------------+--------------+-------------------+------------+------+--------------+-----------------------------+--------------+
Note: For table entries with two numbers listed, the numbers in parentheses indicate the number of resources of the given type used by the specific entity alone. The numbers listed outside of parentheses indicate the total resources of the given type used by the specific entity and all of its sub-entities in the hierarchy.


+---------------------------------------------------------------+
; Registers Removed During Synthesis                            ;
+------------------------------------------+--------------------+
; Register name                            ; Reason for Removal ;
+------------------------------------------+--------------------+
; clock_divider:cdiv|divided_clocks[1..31] ; Lost fanout        ;
; Total Number of Removed Registers = 31   ;                    ;
+------------------------------------------+--------------------+


+------------------------------------------------------+
; General Register Statistics                          ;
+----------------------------------------------+-------+
; Statistic                                    ; Value ;
+----------------------------------------------+-------+
; Total registers                              ; 35    ;
; Number of registers using Synchronous Clear  ; 23    ;
; Number of registers using Synchronous Load   ; 0     ;
; Number of registers using Asynchronous Clear ; 0     ;
; Number of registers using Asynchronous Load  ; 0     ;
; Number of registers using Clock Enable       ; 0     ;
; Number of registers using Preset             ; 0     ;
+----------------------------------------------+-------+


+-------------------------------------------------------------------------+
; Parameter Settings for User Entity Instance: Top-level Entity: |DE1_SoC ;
+----------------+-------+------------------------------------------------+
; Parameter Name ; Value ; Type                                           ;
+----------------+-------+------------------------------------------------+
; whichClock     ; 15    ; Signed Integer                                 ;
+----------------+-------+------------------------------------------------+
Note: In order to hide this table in the UI and the text report file, please set the "Show Parameter Settings in Synthesis Report" option in "Analysis and Synthesis Settings -> More Settings" to "Off".


+--------------------------------------------------------------+
; Parameter Settings for User Entity Instance: lfsr9:r|lfsr:l1 ;
+----------------+-------+-------------------------------------+
; Parameter Name ; Value ; Type                                ;
+----------------+-------+-------------------------------------+
; on             ; 1     ; Unsigned Binary                     ;
; off            ; 0     ; Unsigned Binary                     ;
+----------------+-------+-------------------------------------+
Note: In order to hide this table in the UI and the text report file, please set the "Show Parameter Settings in Synthesis Report" option in "Analysis and Synthesis Settings -> More Settings" to "Off".


+--------------------------------------------------------------+
; Parameter Settings for User Entity Instance: lfsr9:r|lfsr:l2 ;
+----------------+-------+-------------------------------------+
; Parameter Name ; Value ; Type                                ;
+----------------+-------+-------------------------------------+
; on             ; 1     ; Unsigned Binary                     ;
; off            ; 0     ; Unsigned Binary                     ;
+----------------+-------+-------------------------------------+
Note: In order to hide this table in the UI and the text report file, please set the "Show Parameter Settings in Synthesis Report" option in "Analysis and Synthesis Settings -> More Settings" to "Off".


+--------------------------------------------------------------+
; Parameter Settings for User Entity Instance: lfsr9:r|lfsr:l3 ;
+----------------+-------+-------------------------------------+
; Parameter Name ; Value ; Type                                ;
+----------------+-------+-------------------------------------+
; on             ; 1     ; Unsigned Binary                     ;
; off            ; 0     ; Unsigned Binary                     ;
+----------------+-------+-------------------------------------+
Note: In order to hide this table in the UI and the text report file, please set the "Show Parameter Settings in Synthesis Report" option in "Analysis and Synthesis Settings -> More Settings" to "Off".


+--------------------------------------------------------------+
; Parameter Settings for User Entity Instance: lfsr9:r|lfsr:l4 ;
+----------------+-------+-------------------------------------+
; Parameter Name ; Value ; Type                                ;
+----------------+-------+-------------------------------------+
; on             ; 1     ; Unsigned Binary                     ;
; off            ; 0     ; Unsigned Binary                     ;
+----------------+-------+-------------------------------------+
Note: In order to hide this table in the UI and the text report file, please set the "Show Parameter Settings in Synthesis Report" option in "Analysis and Synthesis Settings -> More Settings" to "Off".


+--------------------------------------------------------------+
; Parameter Settings for User Entity Instance: lfsr9:r|lfsr:l5 ;
+----------------+-------+-------------------------------------+
; Parameter Name ; Value ; Type                                ;
+----------------+-------+-------------------------------------+
; on             ; 1     ; Unsigned Binary                     ;
; off            ; 0     ; Unsigned Binary                     ;
+----------------+-------+-------------------------------------+
Note: In order to hide this table in the UI and the text report file, please set the "Show Parameter Settings in Synthesis Report" option in "Analysis and Synthesis Settings -> More Settings" to "Off".


+--------------------------------------------------------------+
; Parameter Settings for User Entity Instance: lfsr9:r|lfsr:l6 ;
+----------------+-------+-------------------------------------+
; Parameter Name ; Value ; Type                                ;
+----------------+-------+-------------------------------------+
; on             ; 1     ; Unsigned Binary                     ;
; off            ; 0     ; Unsigned Binary                     ;
+----------------+-------+-------------------------------------+
Note: In order to hide this table in the UI and the text report file, please set the "Show Parameter Settings in Synthesis Report" option in "Analysis and Synthesis Settings -> More Settings" to "Off".


+--------------------------------------------------------------+
; Parameter Settings for User Entity Instance: lfsr9:r|lfsr:l7 ;
+----------------+-------+-------------------------------------+
; Parameter Name ; Value ; Type                                ;
+----------------+-------+-------------------------------------+
; on             ; 1     ; Unsigned Binary                     ;
; off            ; 0     ; Unsigned Binary                     ;
+----------------+-------+-------------------------------------+
Note: In order to hide this table in the UI and the text report file, please set the "Show Parameter Settings in Synthesis Report" option in "Analysis and Synthesis Settings -> More Settings" to "Off".


+--------------------------------------------------------------+
; Parameter Settings for User Entity Instance: lfsr9:r|lfsr:l8 ;
+----------------+-------+-------------------------------------+
; Parameter Name ; Value ; Type                                ;
+----------------+-------+-------------------------------------+
; on             ; 1     ; Unsigned Binary                     ;
; off            ; 0     ; Unsigned Binary                     ;
+----------------+-------+-------------------------------------+
Note: In order to hide this table in the UI and the text report file, please set the "Show Parameter Settings in Synthesis Report" option in "Analysis and Synthesis Settings -> More Settings" to "Off".


+--------------------------------------------------------------+
; Parameter Settings for User Entity Instance: lfsr9:r|lfsr:l9 ;
+----------------+-------+-------------------------------------+
; Parameter Name ; Value ; Type                                ;
+----------------+-------+-------------------------------------+
; on             ; 1     ; Unsigned Binary                     ;
; off            ; 0     ; Unsigned Binary                     ;
+----------------+-------+-------------------------------------+
Note: In order to hide this table in the UI and the text report file, please set the "Show Parameter Settings in Synthesis Report" option in "Analysis and Synthesis Settings -> More Settings" to "Off".


+---------------------------------------------------------+
; Parameter Settings for User Entity Instance: adder:comp ;
+----------------+-------+--------------------------------+
; Parameter Name ; Value ; Type                           ;
+----------------+-------+--------------------------------+
; WIDTH          ; 9     ; Signed Integer                 ;
+----------------+-------+--------------------------------+
Note: In order to hide this table in the UI and the text report file, please set the "Show Parameter Settings in Synthesis Report" option in "Analysis and Synthesis Settings -> More Settings" to "Off".


+-------------------------------------------------------------+
; Parameter Settings for User Entity Instance: user_input:p1L ;
+----------------+-------+------------------------------------+
; Parameter Name ; Value ; Type                               ;
+----------------+-------+------------------------------------+
; OFF            ; 0     ; Unsigned Binary                    ;
; ON             ; 1     ; Unsigned Binary                    ;
+----------------+-------+------------------------------------+
Note: In order to hide this table in the UI and the text report file, please set the "Show Parameter Settings in Synthesis Report" option in "Analysis and Synthesis Settings -> More Settings" to "Off".


+-------------------------------------------------------------+
; Parameter Settings for User Entity Instance: user_input:p2R ;
+----------------+-------+------------------------------------+
; Parameter Name ; Value ; Type                               ;
+----------------+-------+------------------------------------+
; OFF            ; 0     ; Unsigned Binary                    ;
; ON             ; 1     ; Unsigned Binary                    ;
+----------------+-------+------------------------------------+
Note: In order to hide this table in the UI and the text report file, please set the "Show Parameter Settings in Synthesis Report" option in "Analysis and Synthesis Settings -> More Settings" to "Off".


+-------------------------------------------------------------+
; Parameter Settings for User Entity Instance: normalLight:n1 ;
+----------------+-------+------------------------------------+
; Parameter Name ; Value ; Type                               ;
+----------------+-------+------------------------------------+
; OFF            ; 0     ; Unsigned Binary                    ;
; ON             ; 1     ; Unsigned Binary                    ;
+----------------+-------+------------------------------------+
Note: In order to hide this table in the UI and the text report file, please set the "Show Parameter Settings in Synthesis Report" option in "Analysis and Synthesis Settings -> More Settings" to "Off".


+-------------------------------------------------------------+
; Parameter Settings for User Entity Instance: normalLight:n2 ;
+----------------+-------+------------------------------------+
; Parameter Name ; Value ; Type                               ;
+----------------+-------+------------------------------------+
; OFF            ; 0     ; Unsigned Binary                    ;
; ON             ; 1     ; Unsigned Binary                    ;
+----------------+-------+------------------------------------+
Note: In order to hide this table in the UI and the text report file, please set the "Show Parameter Settings in Synthesis Report" option in "Analysis and Synthesis Settings -> More Settings" to "Off".


+-------------------------------------------------------------+
; Parameter Settings for User Entity Instance: normalLight:n3 ;
+----------------+-------+------------------------------------+
; Parameter Name ; Value ; Type                               ;
+----------------+-------+------------------------------------+
; OFF            ; 0     ; Unsigned Binary                    ;
; ON             ; 1     ; Unsigned Binary                    ;
+----------------+-------+------------------------------------+
Note: In order to hide this table in the UI and the text report file, please set the "Show Parameter Settings in Synthesis Report" option in "Analysis and Synthesis Settings -> More Settings" to "Off".


+-------------------------------------------------------------+
; Parameter Settings for User Entity Instance: normalLight:n4 ;
+----------------+-------+------------------------------------+
; Parameter Name ; Value ; Type                               ;
+----------------+-------+------------------------------------+
; OFF            ; 0     ; Unsigned Binary                    ;
; ON             ; 1     ; Unsigned Binary                    ;
+----------------+-------+------------------------------------+
Note: In order to hide this table in the UI and the text report file, please set the "Show Parameter Settings in Synthesis Report" option in "Analysis and Synthesis Settings -> More Settings" to "Off".


+-------------------------------------------------------------+
; Parameter Settings for User Entity Instance: normalLight:n5 ;
+----------------+-------+------------------------------------+
; Parameter Name ; Value ; Type                               ;
+----------------+-------+------------------------------------+
; OFF            ; 0     ; Unsigned Binary                    ;
; ON             ; 1     ; Unsigned Binary                    ;
+----------------+-------+------------------------------------+
Note: In order to hide this table in the UI and the text report file, please set the "Show Parameter Settings in Synthesis Report" option in "Analysis and Synthesis Settings -> More Settings" to "Off".


+-------------------------------------------------------------+
; Parameter Settings for User Entity Instance: normalLight:n6 ;
+----------------+-------+------------------------------------+
; Parameter Name ; Value ; Type                               ;
+----------------+-------+------------------------------------+
; OFF            ; 0     ; Unsigned Binary                    ;
; ON             ; 1     ; Unsigned Binary                    ;
+----------------+-------+------------------------------------+
Note: In order to hide this table in the UI and the text report file, please set the "Show Parameter Settings in Synthesis Report" option in "Analysis and Synthesis Settings -> More Settings" to "Off".


+-------------------------------------------------------------+
; Parameter Settings for User Entity Instance: normalLight:n7 ;
+----------------+-------+------------------------------------+
; Parameter Name ; Value ; Type                               ;
+----------------+-------+------------------------------------+
; OFF            ; 0     ; Unsigned Binary                    ;
; ON             ; 1     ; Unsigned Binary                    ;
+----------------+-------+------------------------------------+
Note: In order to hide this table in the UI and the text report file, please set the "Show Parameter Settings in Synthesis Report" option in "Analysis and Synthesis Settings -> More Settings" to "Off".


+-------------------------------------------------------------+
; Parameter Settings for User Entity Instance: normalLight:n8 ;
+----------------+-------+------------------------------------+
; Parameter Name ; Value ; Type                               ;
+----------------+-------+------------------------------------+
; OFF            ; 0     ; Unsigned Binary                    ;
; ON             ; 1     ; Unsigned Binary                    ;
+----------------+-------+------------------------------------+
Note: In order to hide this table in the UI and the text report file, please set the "Show Parameter Settings in Synthesis Report" option in "Analysis and Synthesis Settings -> More Settings" to "Off".


+-------------------------------------------------------------+
; Parameter Settings for User Entity Instance: normalLight:n9 ;
+----------------+-------+------------------------------------+
; Parameter Name ; Value ; Type                               ;
+----------------+-------+------------------------------------+
; OFF            ; 0     ; Unsigned Binary                    ;
; ON             ; 1     ; Unsigned Binary                    ;
+----------------+-------+------------------------------------+
Note: In order to hide this table in the UI and the text report file, please set the "Show Parameter Settings in Synthesis Report" option in "Analysis and Synthesis Settings -> More Settings" to "Off".


+---------------------------------------------------------+
; Parameter Settings for User Entity Instance: victory:vl ;
+----------------+---------+------------------------------+
; Parameter Name ; Value   ; Type                         ;
+----------------+---------+------------------------------+
; zero           ; 1000000 ; Unsigned Binary              ;
; one            ; 1111001 ; Unsigned Binary              ;
; two            ; 0100100 ; Unsigned Binary              ;
; three          ; 0110000 ; Unsigned Binary              ;
; four           ; 0011001 ; Unsigned Binary              ;
; five           ; 0010010 ; Unsigned Binary              ;
; six            ; 0000010 ; Unsigned Binary              ;
; seven          ; 1111000 ; Unsigned Binary              ;
; on             ; 1       ; Unsigned Binary              ;
; off            ; 0       ; Unsigned Binary              ;
+----------------+---------+------------------------------+
Note: In order to hide this table in the UI and the text report file, please set the "Show Parameter Settings in Synthesis Report" option in "Analysis and Synthesis Settings -> More Settings" to "Off".


+---------------------------------------------------------+
; Parameter Settings for User Entity Instance: victory:vr ;
+----------------+---------+------------------------------+
; Parameter Name ; Value   ; Type                         ;
+----------------+---------+------------------------------+
; zero           ; 1000000 ; Unsigned Binary              ;
; one            ; 1111001 ; Unsigned Binary              ;
; two            ; 0100100 ; Unsigned Binary              ;
; three          ; 0110000 ; Unsigned Binary              ;
; four           ; 0011001 ; Unsigned Binary              ;
; five           ; 0010010 ; Unsigned Binary              ;
; six            ; 0000010 ; Unsigned Binary              ;
; seven          ; 1111000 ; Unsigned Binary              ;
; on             ; 1       ; Unsigned Binary              ;
; off            ; 0       ; Unsigned Binary              ;
+----------------+---------+------------------------------+
Note: In order to hide this table in the UI and the text report file, please set the "Show Parameter Settings in Synthesis Report" option in "Analysis and Synthesis Settings -> More Settings" to "Off".


+--------------------------------------------------------------------------------------------------------------------------------------------------------------------------------------------------------------+
; Port Connectivity Checks: "victory:vr"                                                                                                                                                                       ;
+------+-------+----------+------------------------------------------------------------------------------------------------------------------------------------------------------------------------------------+
; Port ; Type  ; Severity ; Details                                                                                                                                                                            ;
+------+-------+----------+------------------------------------------------------------------------------------------------------------------------------------------------------------------------------------+
; clk  ; Input ; Warning  ; Input port expression (32 bits) is wider than the input port (1 bits) it drives.  The 31 most-significant bit(s) in the expression will be dangling if they have no other fanouts. ;
+------+-------+----------+------------------------------------------------------------------------------------------------------------------------------------------------------------------------------------+


+--------------------------------------------------------------------------------------------------------------------------------------------------------------------------------------------------------------+
; Port Connectivity Checks: "victory:vl"                                                                                                                                                                       ;
+------+-------+----------+------------------------------------------------------------------------------------------------------------------------------------------------------------------------------------+
; Port ; Type  ; Severity ; Details                                                                                                                                                                            ;
+------+-------+----------+------------------------------------------------------------------------------------------------------------------------------------------------------------------------------------+
; clk  ; Input ; Warning  ; Input port expression (32 bits) is wider than the input port (1 bits) it drives.  The 31 most-significant bit(s) in the expression will be dangling if they have no other fanouts. ;
+------+-------+----------+------------------------------------------------------------------------------------------------------------------------------------------------------------------------------------+


+--------------------------------------------------------------------------------------------------------------------------------------------------------------------------------------------------------------+
; Port Connectivity Checks: "normalLight:n9"                                                                                                                                                                   ;
+------+-------+----------+------------------------------------------------------------------------------------------------------------------------------------------------------------------------------------+
; Port ; Type  ; Severity ; Details                                                                                                                                                                            ;
+------+-------+----------+------------------------------------------------------------------------------------------------------------------------------------------------------------------------------------+
; clk  ; Input ; Warning  ; Input port expression (32 bits) is wider than the input port (1 bits) it drives.  The 31 most-significant bit(s) in the expression will be dangling if they have no other fanouts. ;
+------+-------+----------+------------------------------------------------------------------------------------------------------------------------------------------------------------------------------------+


+--------------------------------------------------------------------------------------------------------------------------------------------------------------------------------------------------------------+
; Port Connectivity Checks: "normalLight:n8"                                                                                                                                                                   ;
+------+-------+----------+------------------------------------------------------------------------------------------------------------------------------------------------------------------------------------+
; Port ; Type  ; Severity ; Details                                                                                                                                                                            ;
+------+-------+----------+------------------------------------------------------------------------------------------------------------------------------------------------------------------------------------+
; clk  ; Input ; Warning  ; Input port expression (32 bits) is wider than the input port (1 bits) it drives.  The 31 most-significant bit(s) in the expression will be dangling if they have no other fanouts. ;
+------+-------+----------+------------------------------------------------------------------------------------------------------------------------------------------------------------------------------------+


+--------------------------------------------------------------------------------------------------------------------------------------------------------------------------------------------------------------+
; Port Connectivity Checks: "normalLight:n7"                                                                                                                                                                   ;
+------+-------+----------+------------------------------------------------------------------------------------------------------------------------------------------------------------------------------------+
; Port ; Type  ; Severity ; Details                                                                                                                                                                            ;
+------+-------+----------+------------------------------------------------------------------------------------------------------------------------------------------------------------------------------------+
; clk  ; Input ; Warning  ; Input port expression (32 bits) is wider than the input port (1 bits) it drives.  The 31 most-significant bit(s) in the expression will be dangling if they have no other fanouts. ;
+------+-------+----------+------------------------------------------------------------------------------------------------------------------------------------------------------------------------------------+


+--------------------------------------------------------------------------------------------------------------------------------------------------------------------------------------------------------------+
; Port Connectivity Checks: "normalLight:n6"                                                                                                                                                                   ;
+------+-------+----------+------------------------------------------------------------------------------------------------------------------------------------------------------------------------------------+
; Port ; Type  ; Severity ; Details                                                                                                                                                                            ;
+------+-------+----------+------------------------------------------------------------------------------------------------------------------------------------------------------------------------------------+
; clk  ; Input ; Warning  ; Input port expression (32 bits) is wider than the input port (1 bits) it drives.  The 31 most-significant bit(s) in the expression will be dangling if they have no other fanouts. ;
+------+-------+----------+------------------------------------------------------------------------------------------------------------------------------------------------------------------------------------+


+--------------------------------------------------------------------------------------------------------------------------------------------------------------------------------------------------------------+
; Port Connectivity Checks: "normalLight:n5"                                                                                                                                                                   ;
+------+-------+----------+------------------------------------------------------------------------------------------------------------------------------------------------------------------------------------+
; Port ; Type  ; Severity ; Details                                                                                                                                                                            ;
+------+-------+----------+------------------------------------------------------------------------------------------------------------------------------------------------------------------------------------+
; clk  ; Input ; Warning  ; Input port expression (32 bits) is wider than the input port (1 bits) it drives.  The 31 most-significant bit(s) in the expression will be dangling if they have no other fanouts. ;
; cent ; Input ; Info     ; Stuck at VCC                                                                                                                                                                       ;
+------+-------+----------+------------------------------------------------------------------------------------------------------------------------------------------------------------------------------------+


+--------------------------------------------------------------------------------------------------------------------------------------------------------------------------------------------------------------+
; Port Connectivity Checks: "normalLight:n4"                                                                                                                                                                   ;
+------+-------+----------+------------------------------------------------------------------------------------------------------------------------------------------------------------------------------------+
; Port ; Type  ; Severity ; Details                                                                                                                                                                            ;
+------+-------+----------+------------------------------------------------------------------------------------------------------------------------------------------------------------------------------------+
; clk  ; Input ; Warning  ; Input port expression (32 bits) is wider than the input port (1 bits) it drives.  The 31 most-significant bit(s) in the expression will be dangling if they have no other fanouts. ;
+------+-------+----------+------------------------------------------------------------------------------------------------------------------------------------------------------------------------------------+


+--------------------------------------------------------------------------------------------------------------------------------------------------------------------------------------------------------------+
; Port Connectivity Checks: "normalLight:n3"                                                                                                                                                                   ;
+------+-------+----------+------------------------------------------------------------------------------------------------------------------------------------------------------------------------------------+
; Port ; Type  ; Severity ; Details                                                                                                                                                                            ;
+------+-------+----------+------------------------------------------------------------------------------------------------------------------------------------------------------------------------------------+
; clk  ; Input ; Warning  ; Input port expression (32 bits) is wider than the input port (1 bits) it drives.  The 31 most-significant bit(s) in the expression will be dangling if they have no other fanouts. ;
+------+-------+----------+------------------------------------------------------------------------------------------------------------------------------------------------------------------------------------+


+--------------------------------------------------------------------------------------------------------------------------------------------------------------------------------------------------------------+
; Port Connectivity Checks: "normalLight:n2"                                                                                                                                                                   ;
+------+-------+----------+------------------------------------------------------------------------------------------------------------------------------------------------------------------------------------+
; Port ; Type  ; Severity ; Details                                                                                                                                                                            ;
+------+-------+----------+------------------------------------------------------------------------------------------------------------------------------------------------------------------------------------+
; clk  ; Input ; Warning  ; Input port expression (32 bits) is wider than the input port (1 bits) it drives.  The 31 most-significant bit(s) in the expression will be dangling if they have no other fanouts. ;
+------+-------+----------+------------------------------------------------------------------------------------------------------------------------------------------------------------------------------------+


+--------------------------------------------------------------------------------------------------------------------------------------------------------------------------------------------------------------+
; Port Connectivity Checks: "normalLight:n1"                                                                                                                                                                   ;
+------+-------+----------+------------------------------------------------------------------------------------------------------------------------------------------------------------------------------------+
; Port ; Type  ; Severity ; Details                                                                                                                                                                            ;
+------+-------+----------+------------------------------------------------------------------------------------------------------------------------------------------------------------------------------------+
; clk  ; Input ; Warning  ; Input port expression (32 bits) is wider than the input port (1 bits) it drives.  The 31 most-significant bit(s) in the expression will be dangling if they have no other fanouts. ;
+------+-------+----------+------------------------------------------------------------------------------------------------------------------------------------------------------------------------------------+


+--------------------------------------------------------------------------------------------------------------------------------------------------------------------------------------------------------------+
; Port Connectivity Checks: "user_input:p2R"                                                                                                                                                                   ;
+------+-------+----------+------------------------------------------------------------------------------------------------------------------------------------------------------------------------------------+
; Port ; Type  ; Severity ; Details                                                                                                                                                                            ;
+------+-------+----------+------------------------------------------------------------------------------------------------------------------------------------------------------------------------------------+
; clk  ; Input ; Warning  ; Input port expression (32 bits) is wider than the input port (1 bits) it drives.  The 31 most-significant bit(s) in the expression will be dangling if they have no other fanouts. ;
+------+-------+----------+------------------------------------------------------------------------------------------------------------------------------------------------------------------------------------+


+--------------------------------------------------------------------------------------------------------------------------------------------------------------------------------------------------------------+
; Port Connectivity Checks: "user_input:p1L"                                                                                                                                                                   ;
+------+-------+----------+------------------------------------------------------------------------------------------------------------------------------------------------------------------------------------+
; Port ; Type  ; Severity ; Details                                                                                                                                                                            ;
+------+-------+----------+------------------------------------------------------------------------------------------------------------------------------------------------------------------------------------+
; clk  ; Input ; Warning  ; Input port expression (32 bits) is wider than the input port (1 bits) it drives.  The 31 most-significant bit(s) in the expression will be dangling if they have no other fanouts. ;
+------+-------+----------+------------------------------------------------------------------------------------------------------------------------------------------------------------------------------------+


+---------------------------------------------------------------------------------------------------------------------+
; Port Connectivity Checks: "adder:comp"                                                                              ;
+-----------+--------+----------+-------------------------------------------------------------------------------------+
; Port      ; Type   ; Severity ; Details                                                                             ;
+-----------+--------+----------+-------------------------------------------------------------------------------------+
; out[8..0] ; Output ; Info     ; Connected to dangling logic. Logic that only feeds a dangling port will be removed. ;
+-----------+--------+----------+-------------------------------------------------------------------------------------+


+--------------------------------------------------------------------------------------------------------------------------------------------------------------------------------------------------------------+
; Port Connectivity Checks: "lfsr9:r"                                                                                                                                                                          ;
+------+-------+----------+------------------------------------------------------------------------------------------------------------------------------------------------------------------------------------+
; Port ; Type  ; Severity ; Details                                                                                                                                                                            ;
+------+-------+----------+------------------------------------------------------------------------------------------------------------------------------------------------------------------------------------+
; clk  ; Input ; Warning  ; Input port expression (32 bits) is wider than the input port (1 bits) it drives.  The 31 most-significant bit(s) in the expression will be dangling if they have no other fanouts. ;
+------+-------+----------+------------------------------------------------------------------------------------------------------------------------------------------------------------------------------------+


+---------------------------------------------------------------------------------------------------------------------------------+
; Port Connectivity Checks: "clock_divider:cdiv"                                                                                  ;
+-----------------------+--------+----------+-------------------------------------------------------------------------------------+
; Port                  ; Type   ; Severity ; Details                                                                             ;
+-----------------------+--------+----------+-------------------------------------------------------------------------------------+
; divided_clocks[31..1] ; Output ; Info     ; Connected to dangling logic. Logic that only feeds a dangling port will be removed. ;
+-----------------------+--------+----------+-------------------------------------------------------------------------------------+


+-----------------------------------------------------+
; Post-Synthesis Netlist Statistics for Top Partition ;
+-----------------------+-----------------------------+
; Type                  ; Count                       ;
+-----------------------+-----------------------------+
; arriav_ff             ; 35                          ;
;     SCLR              ; 23                          ;
;     plain             ; 12                          ;
; arriav_lcell_comb     ; 90                          ;
;     arith             ; 10                          ;
;         0 data inputs ; 1                           ;
;         2 data inputs ; 9                           ;
;     normal            ; 80                          ;
;         0 data inputs ; 2                           ;
;         1 data inputs ; 2                           ;
;         2 data inputs ; 7                           ;
;         3 data inputs ; 2                           ;
;         4 data inputs ; 20                          ;
;         5 data inputs ; 7                           ;
;         6 data inputs ; 40                          ;
; boundary_port         ; 67                          ;
;                       ;                             ;
; Max LUT depth         ; 5.90                        ;
; Average LUT depth     ; 4.42                        ;
+-----------------------+-----------------------------+


+-------------------------------+
; Elapsed Time Per Partition    ;
+----------------+--------------+
; Partition Name ; Elapsed Time ;
+----------------+--------------+
; Top            ; 00:00:02     ;
+----------------+--------------+


+-------------------------------+
; Analysis & Synthesis Messages ;
+-------------------------------+
Info: *******************************************************************
Info: Running Quartus II 64-Bit Analysis & Synthesis
    Info: Version 14.0.0 Build 200 06/17/2014 SJ Full Version
    Info: Processing started: Mon May 18 16:50:04 2015
Info: Command: quartus_map --read_settings_files=on --write_settings_files=off DE1_SoC -c DE1_SoC
Info (11104): Parallel Compilation has detected 4 hyper-threaded processors. However, the extra hyper-threaded processors will not be used by default. Parallel Compilation will use 2 of the 2 physical processors detected instead.
Info (12021): Found 3 design units, including 3 entities, in source file de1_soc.sv
    Info (12023): Found entity 1: DE1_SoC
    Info (12023): Found entity 2: DE1_SoC_testbench
    Info (12023): Found entity 3: clock_divider
Info (12021): Found 2 design units, including 2 entities, in source file user_input.sv
    Info (12023): Found entity 1: user_input
    Info (12023): Found entity 2: user_input_testbench
Info (12021): Found 2 design units, including 2 entities, in source file normallight.sv
    Info (12023): Found entity 1: normalLight
    Info (12023): Found entity 2: normalLight_testbench
Info (12021): Found 2 design units, including 2 entities, in source file victory.sv
    Info (12023): Found entity 1: victory
    Info (12023): Found entity 2: victory_testbench
Info (12021): Found 2 design units, including 2 entities, in source file lfsr.sv
    Info (12023): Found entity 1: lfsr
    Info (12023): Found entity 2: lfsr_testbench
Info (12021): Found 2 design units, including 2 entities, in source file adder.sv
    Info (12023): Found entity 1: adder
    Info (12023): Found entity 2: adder_testbench
Info (12021): Found 2 design units, including 2 entities, in source file lfsr9.sv
    Info (12023): Found entity 1: lfsr9
    Info (12023): Found entity 2: lfsr9_testbench
Info (12127): Elaborating entity "DE1_SoC" for the top level hierarchy
Info (12128): Elaborating entity "clock_divider" for hierarchy "clock_divider:cdiv"
Info (12128): Elaborating entity "lfsr9" for hierarchy "lfsr9:r"
Info (12128): Elaborating entity "lfsr" for hierarchy "lfsr9:r|lfsr:l1"
Info (12128): Elaborating entity "adder" for hierarchy "adder:comp"
Info (12128): Elaborating entity "user_input" for hierarchy "user_input:p1L"
Info (12128): Elaborating entity "normalLight" for hierarchy "normalLight:n1"
Info (12128): Elaborating entity "victory" for hierarchy "victory:vl"
Warning (12241): 14 hierarchies have connectivity warnings - see the Connectivity Checks report folder
Info (286030): Timing-Driven Synthesis is running
Info (17049): 31 registers lost all their fanouts during netlist optimizations.
Info (144001): Generated suppressed messages file U:/ee271/lab7/output_files/DE1_SoC.map.smsg
Info (16010): Generating hard_block partition "hard_block:auto_generated_inst"
    Info (16011): Adding 0 node(s), including 0 DDIO, 0 PLL, 0 transceiver and 0 LCELL
Info (21057): Implemented 166 device resources after synthesis - the final resource count might be different
    Info (21058): Implemented 15 input pins
    Info (21059): Implemented 52 output pins
    Info (21061): Implemented 99 logic cells
Info: Quartus II 64-Bit Analysis & Synthesis was successful. 0 errors, 1 warning
    Info: Peak virtual memory: 620 megabytes
    Info: Processing ended: Mon May 18 16:50:15 2015
    Info: Elapsed time: 00:00:11
    Info: Total CPU time (on all processors): 00:00:04


+------------------------------------------+
; Analysis & Synthesis Suppressed Messages ;
+------------------------------------------+
The suppressed messages can be found in U:/ee271/lab7/output_files/DE1_SoC.map.smsg.


