Analysis & Synthesis report for DE1_SoC
Tue Jun 02 15:45:15 2015
Quartus II 64-Bit Version 14.0.0 Build 200 06/17/2014 SJ Full Version


---------------------
; Table of Contents ;
---------------------
  1. Legal Notice
  2. Analysis & Synthesis Summary
  3. Analysis & Synthesis Settings
  4. Parallel Compilation
  5. Analysis & Synthesis Source Files Read
  6. Analysis & Synthesis Resource Usage Summary
  7. Analysis & Synthesis Resource Utilization by Entity
  8. Registers Removed During Synthesis
  9. General Register Statistics
 10. Multiplexer Restructuring Statistics (Restructuring Performed)
 11. Parameter Settings for User Entity Instance: Top-level Entity: |DE1_SoC
 12. Parameter Settings for User Entity Instance: cc_light:l0
 13. Parameter Settings for User Entity Instance: cc_light:l1
 14. Parameter Settings for User Entity Instance: cc_light:l2
 15. Parameter Settings for User Entity Instance: cc_light:l3
 16. Parameter Settings for User Entity Instance: cc_light:l4
 17. Parameter Settings for User Entity Instance: cc_light:l5
 18. Parameter Settings for User Entity Instance: cc_light:l6
 19. Parameter Settings for User Entity Instance: cc_light:l7
 20. Parameter Settings for User Entity Instance: rand_num3:r4
 21. Parameter Settings for User Entity Instance: pipe_generator:pip0
 22. Parameter Settings for User Entity Instance: pipe_shifter:pip1
 23. Parameter Settings for User Entity Instance: pipe_shifter:pip2
 24. Parameter Settings for User Entity Instance: pipe_shifter:pip3
 25. Parameter Settings for User Entity Instance: pipe_shifter:pip4
 26. Parameter Settings for User Entity Instance: pipe_shifter:pip5
 27. Parameter Settings for User Entity Instance: pipe_shifter:pip6
 28. Parameter Settings for User Entity Instance: pipe_shifter:pip7
 29. Parameter Settings for User Entity Instance: single_hex:d0
 30. Parameter Settings for User Entity Instance: single_hex:d1
 31. Parameter Settings for User Entity Instance: single_hex:d2
 32. Port Connectivity Checks: "single_hex:d2"
 33. Port Connectivity Checks: "single_hex:d1"
 34. Port Connectivity Checks: "single_hex:d0"
 35. Port Connectivity Checks: "led_matrix_driver:mega"
 36. Port Connectivity Checks: "cc_light:l0"
 37. Port Connectivity Checks: "clock_divider:cdiv"
 38. Post-Synthesis Netlist Statistics for Top Partition
 39. Elapsed Time Per Partition
 40. Analysis & Synthesis Messages
 41. Analysis & Synthesis Suppressed Messages



----------------
; Legal Notice ;
----------------
Copyright (C) 1991-2014 Altera Corporation. All rights reserved.
Your use of Altera Corporation's design tools, logic functions 
and other software and tools, and its AMPP partner logic 
functions, and any output files from any of the foregoing 
(including device programming or simulation files), and any 
associated documentation or information are expressly subject 
to the terms and conditions of the Altera Program License 
Subscription Agreement, the Altera Quartus II License Agreement,
the Altera MegaCore Function License Agreement, or other 
applicable license agreement, including, without limitation, 
that your use is for the sole purpose of programming logic 
devices manufactured by Altera and sold by Altera or its 
authorized distributors.  Please refer to the applicable 
agreement for further details.



+-------------------------------------------------------------------------------+
; Analysis & Synthesis Summary                                                  ;
+---------------------------------+---------------------------------------------+
; Analysis & Synthesis Status     ; Successful - Tue Jun 02 15:45:15 2015       ;
; Quartus II 64-Bit Version       ; 14.0.0 Build 200 06/17/2014 SJ Full Version ;
; Revision Name                   ; DE1_SoC                                     ;
; Top-level Entity Name           ; DE1_SoC                                     ;
; Family                          ; Cyclone V                                   ;
; Logic utilization (in ALMs)     ; N/A                                         ;
; Total registers                 ; 146                                         ;
; Total pins                      ; 103                                         ;
; Total virtual pins              ; 0                                           ;
; Total block memory bits         ; 0                                           ;
; Total DSP Blocks                ; 0                                           ;
; Total HSSI RX PCSs              ; 0                                           ;
; Total HSSI PMA RX Deserializers ; 0                                           ;
; Total HSSI TX PCSs              ; 0                                           ;
; Total HSSI PMA TX Serializers   ; 0                                           ;
; Total PLLs                      ; 0                                           ;
; Total DLLs                      ; 0                                           ;
+---------------------------------+---------------------------------------------+


+---------------------------------------------------------------------------------------------------------------------------+
; Analysis & Synthesis Settings                                                                                             ;
+---------------------------------------------------------------------------------+--------------------+--------------------+
; Option                                                                          ; Setting            ; Default Value      ;
+---------------------------------------------------------------------------------+--------------------+--------------------+
; Device                                                                          ; 5CSEMA5F31C6       ;                    ;
; Top-level entity name                                                           ; DE1_SoC            ; DE1_SoC            ;
; Family name                                                                     ; Cyclone V          ; Cyclone IV GX      ;
; State Machine Processing                                                        ; User-Encoded       ; Auto               ;
; Use smart compilation                                                           ; Off                ; Off                ;
; Enable parallel Assembler and TimeQuest Timing Analyzer during compilation      ; On                 ; On                 ;
; Enable compact report table                                                     ; Off                ; Off                ;
; Restructure Multiplexers                                                        ; Auto               ; Auto               ;
; MLAB Add Timing Constraints For Mixed-Port Feed-Through Mode Setting Don't Care ; Off                ; Off                ;
; Create Debugging Nodes for IP Cores                                             ; Off                ; Off                ;
; Preserve fewer node names                                                       ; On                 ; On                 ;
; Disable OpenCore Plus hardware evaluation                                       ; Off                ; Off                ;
; Verilog Version                                                                 ; Verilog_2001       ; Verilog_2001       ;
; VHDL Version                                                                    ; VHDL_1993          ; VHDL_1993          ;
; Safe State Machine                                                              ; Off                ; Off                ;
; Extract Verilog State Machines                                                  ; On                 ; On                 ;
; Extract VHDL State Machines                                                     ; On                 ; On                 ;
; Ignore Verilog initial constructs                                               ; Off                ; Off                ;
; Iteration limit for constant Verilog loops                                      ; 5000               ; 5000               ;
; Iteration limit for non-constant Verilog loops                                  ; 250                ; 250                ;
; Add Pass-Through Logic to Inferred RAMs                                         ; On                 ; On                 ;
; Infer RAMs from Raw Logic                                                       ; On                 ; On                 ;
; Parallel Synthesis                                                              ; On                 ; On                 ;
; DSP Block Balancing                                                             ; Auto               ; Auto               ;
; NOT Gate Push-Back                                                              ; On                 ; On                 ;
; Power-Up Don't Care                                                             ; On                 ; On                 ;
; Remove Redundant Logic Cells                                                    ; Off                ; Off                ;
; Remove Duplicate Registers                                                      ; On                 ; On                 ;
; Ignore CARRY Buffers                                                            ; Off                ; Off                ;
; Ignore CASCADE Buffers                                                          ; Off                ; Off                ;
; Ignore GLOBAL Buffers                                                           ; Off                ; Off                ;
; Ignore ROW GLOBAL Buffers                                                       ; Off                ; Off                ;
; Ignore LCELL Buffers                                                            ; Off                ; Off                ;
; Ignore SOFT Buffers                                                             ; On                 ; On                 ;
; Limit AHDL Integers to 32 Bits                                                  ; Off                ; Off                ;
; Optimization Technique                                                          ; Balanced           ; Balanced           ;
; Carry Chain Length                                                              ; 70                 ; 70                 ;
; Auto Carry Chains                                                               ; On                 ; On                 ;
; Auto Open-Drain Pins                                                            ; On                 ; On                 ;
; Perform WYSIWYG Primitive Resynthesis                                           ; Off                ; Off                ;
; Auto ROM Replacement                                                            ; On                 ; On                 ;
; Auto RAM Replacement                                                            ; On                 ; On                 ;
; Auto DSP Block Replacement                                                      ; On                 ; On                 ;
; Auto Shift Register Replacement                                                 ; Auto               ; Auto               ;
; Allow Shift Register Merging across Hierarchies                                 ; Auto               ; Auto               ;
; Auto Clock Enable Replacement                                                   ; On                 ; On                 ;
; Strict RAM Replacement                                                          ; Off                ; Off                ;
; Allow Synchronous Control Signals                                               ; On                 ; On                 ;
; Force Use of Synchronous Clear Signals                                          ; Off                ; Off                ;
; Auto Resource Sharing                                                           ; Off                ; Off                ;
; Allow Any RAM Size For Recognition                                              ; Off                ; Off                ;
; Allow Any ROM Size For Recognition                                              ; Off                ; Off                ;
; Allow Any Shift Register Size For Recognition                                   ; Off                ; Off                ;
; Use LogicLock Constraints during Resource Balancing                             ; On                 ; On                 ;
; Ignore translate_off and synthesis_off directives                               ; Off                ; Off                ;
; Timing-Driven Synthesis                                                         ; On                 ; On                 ;
; Report Parameter Settings                                                       ; On                 ; On                 ;
; Report Source Assignments                                                       ; On                 ; On                 ;
; Report Connectivity Checks                                                      ; On                 ; On                 ;
; Ignore Maximum Fan-Out Assignments                                              ; Off                ; Off                ;
; Synchronization Register Chain Length                                           ; 3                  ; 3                  ;
; PowerPlay Power Optimization                                                    ; Normal compilation ; Normal compilation ;
; HDL message level                                                               ; Level2             ; Level2             ;
; Suppress Register Optimization Related Messages                                 ; Off                ; Off                ;
; Number of Removed Registers Reported in Synthesis Report                        ; 5000               ; 5000               ;
; Number of Swept Nodes Reported in Synthesis Report                              ; 5000               ; 5000               ;
; Number of Inverted Registers Reported in Synthesis Report                       ; 100                ; 100                ;
; Clock MUX Protection                                                            ; On                 ; On                 ;
; Auto Gated Clock Conversion                                                     ; Off                ; Off                ;
; Block Design Naming                                                             ; Auto               ; Auto               ;
; SDC constraint protection                                                       ; Off                ; Off                ;
; Synthesis Effort                                                                ; Auto               ; Auto               ;
; Shift Register Replacement - Allow Asynchronous Clear Signal                    ; On                 ; On                 ;
; Pre-Mapping Resynthesis Optimization                                            ; Off                ; Off                ;
; Analysis & Synthesis Message Level                                              ; Medium             ; Medium             ;
; Disable Register Merging Across Hierarchies                                     ; Auto               ; Auto               ;
; Resource Aware Inference For Block RAM                                          ; On                 ; On                 ;
; Synthesis Seed                                                                  ; 1                  ; 1                  ;
; Automatic Parallel Synthesis                                                    ; On                 ; On                 ;
; Partial Reconfiguration Bitstream ID                                            ; Off                ; Off                ;
+---------------------------------------------------------------------------------+--------------------+--------------------+


+------------------------------------------+
; Parallel Compilation                     ;
+----------------------------+-------------+
; Processors                 ; Number      ;
+----------------------------+-------------+
; Number detected on machine ; 8           ;
; Maximum allowed            ; 4           ;
;                            ;             ;
; Average used               ; 1.00        ;
; Maximum used               ; 1           ;
;                            ;             ;
; Usage by Processor         ; % Time Used ;
;     Processor 1            ; 100.0%      ;
;     Processors 2-8         ;   0.0%      ;
+----------------------------+-------------+


+----------------------------------------------------------------------------------------------------------------------------------+
; Analysis & Synthesis Source Files Read                                                                                           ;
+----------------------------------+-----------------+------------------------------+------------------------------------+---------+
; File Name with User-Entered Path ; Used in Netlist ; File Type                    ; File Name with Absolute Path       ; Library ;
+----------------------------------+-----------------+------------------------------+------------------------------------+---------+
; DE1_SoC.sv                       ; yes             ; User SystemVerilog HDL File  ; U:/ee271/lab8/DE1_SoC.sv           ;         ;
; led_matrix_driver.sv             ; yes             ; User SystemVerilog HDL File  ; U:/ee271/lab8/led_matrix_driver.sv ;         ;
; user_input.sv                    ; yes             ; User SystemVerilog HDL File  ; U:/ee271/lab8/user_input.sv        ;         ;
; active_game.sv                   ; yes             ; User SystemVerilog HDL File  ; U:/ee271/lab8/active_game.sv       ;         ;
; cc_light.sv                      ; yes             ; User SystemVerilog HDL File  ; U:/ee271/lab8/cc_light.sv          ;         ;
; pipe_generator.sv                ; yes             ; User SystemVerilog HDL File  ; U:/ee271/lab8/pipe_generator.sv    ;         ;
; rand_num.sv                      ; yes             ; User SystemVerilog HDL File  ; U:/ee271/lab8/rand_num.sv          ;         ;
; pipe_shifter.sv                  ; yes             ; User SystemVerilog HDL File  ; U:/ee271/lab8/pipe_shifter.sv      ;         ;
; single_hex.sv                    ; yes             ; User SystemVerilog HDL File  ; U:/ee271/lab8/single_hex.sv        ;         ;
; status_checker.sv                ; yes             ; User SystemVerilog HDL File  ; U:/ee271/lab8/status_checker.sv    ;         ;
+----------------------------------+-----------------+------------------------------+------------------------------------+---------+


+-------------------------------------------------------------------------------------+
; Analysis & Synthesis Resource Usage Summary                                         ;
+---------------------------------------------+---------------------------------------+
; Resource                                    ; Usage                                 ;
+---------------------------------------------+---------------------------------------+
; Estimate of Logic utilization (ALMs needed) ; 124                                   ;
;                                             ;                                       ;
; Combinational ALUT usage for logic          ; 193                                   ;
;     -- 7 input functions                    ; 2                                     ;
;     -- 6 input functions                    ; 45                                    ;
;     -- 5 input functions                    ; 13                                    ;
;     -- 4 input functions                    ; 40                                    ;
;     -- <=3 input functions                  ; 93                                    ;
;                                             ;                                       ;
; Dedicated logic registers                   ; 146                                   ;
;                                             ;                                       ;
; I/O pins                                    ; 103                                   ;
; Total DSP Blocks                            ; 0                                     ;
; Maximum fan-out node                        ; clock_divider:cdiv|divided_clocks[16] ;
; Maximum fan-out                             ; 130                                   ;
; Total fan-out                               ; 1359                                  ;
; Average fan-out                             ; 2.49                                  ;
+---------------------------------------------+---------------------------------------+


+------------------------------------------------------------------------------------------------------------------------------------------------------------------------+
; Analysis & Synthesis Resource Utilization by Entity                                                                                                                    ;
+-----------------------------+-------------------+--------------+-------------------+------------+------+--------------+---------------------------------+--------------+
; Compilation Hierarchy Node  ; LC Combinationals ; LC Registers ; Block Memory Bits ; DSP Blocks ; Pins ; Virtual Pins ; Full Hierarchy Name             ; Library Name ;
+-----------------------------+-------------------+--------------+-------------------+------------+------+--------------+---------------------------------+--------------+
; |DE1_SoC                    ; 193 (0)           ; 146 (0)      ; 0                 ; 0          ; 103  ; 0            ; |DE1_SoC                        ; work         ;
;    |active_game:a|          ; 1 (1)             ; 1 (1)        ; 0                 ; 0          ; 0    ; 0            ; |DE1_SoC|active_game:a          ; work         ;
;    |cc_light:l0|            ; 8 (8)             ; 8 (8)        ; 0                 ; 0          ; 0    ; 0            ; |DE1_SoC|cc_light:l0            ; work         ;
;    |cc_light:l1|            ; 4 (4)             ; 1 (1)        ; 0                 ; 0          ; 0    ; 0            ; |DE1_SoC|cc_light:l1            ; work         ;
;    |cc_light:l2|            ; 1 (1)             ; 1 (1)        ; 0                 ; 0          ; 0    ; 0            ; |DE1_SoC|cc_light:l2            ; work         ;
;    |cc_light:l3|            ; 2 (2)             ; 1 (1)        ; 0                 ; 0          ; 0    ; 0            ; |DE1_SoC|cc_light:l3            ; work         ;
;    |cc_light:l4|            ; 1 (1)             ; 1 (1)        ; 0                 ; 0          ; 0    ; 0            ; |DE1_SoC|cc_light:l4            ; work         ;
;    |cc_light:l5|            ; 1 (1)             ; 1 (1)        ; 0                 ; 0          ; 0    ; 0            ; |DE1_SoC|cc_light:l5            ; work         ;
;    |cc_light:l6|            ; 1 (1)             ; 1 (1)        ; 0                 ; 0          ; 0    ; 0            ; |DE1_SoC|cc_light:l6            ; work         ;
;    |cc_light:l7|            ; 1 (1)             ; 1 (1)        ; 0                 ; 0          ; 0    ; 0            ; |DE1_SoC|cc_light:l7            ; work         ;
;    |clock_divider:cdiv|     ; 17 (17)           ; 17 (17)      ; 0                 ; 0          ; 0    ; 0            ; |DE1_SoC|clock_divider:cdiv     ; work         ;
;    |led_matrix_driver:mega| ; 40 (40)           ; 3 (3)        ; 0                 ; 0          ; 0    ; 0            ; |DE1_SoC|led_matrix_driver:mega ; work         ;
;    |pipe_generator:pip0|    ; 20 (20)           ; 17 (17)      ; 0                 ; 0          ; 0    ; 0            ; |DE1_SoC|pipe_generator:pip0    ; work         ;
;    |pipe_shifter:pip1|      ; 8 (8)             ; 15 (15)      ; 0                 ; 0          ; 0    ; 0            ; |DE1_SoC|pipe_shifter:pip1      ; work         ;
;    |pipe_shifter:pip2|      ; 0 (0)             ; 7 (7)        ; 0                 ; 0          ; 0    ; 0            ; |DE1_SoC|pipe_shifter:pip2      ; work         ;
;    |pipe_shifter:pip3|      ; 0 (0)             ; 7 (7)        ; 0                 ; 0          ; 0    ; 0            ; |DE1_SoC|pipe_shifter:pip3      ; work         ;
;    |pipe_shifter:pip4|      ; 0 (0)             ; 7 (7)        ; 0                 ; 0          ; 0    ; 0            ; |DE1_SoC|pipe_shifter:pip4      ; work         ;
;    |pipe_shifter:pip5|      ; 3 (3)             ; 7 (7)        ; 0                 ; 0          ; 0    ; 0            ; |DE1_SoC|pipe_shifter:pip5      ; work         ;
;    |pipe_shifter:pip6|      ; 0 (0)             ; 7 (7)        ; 0                 ; 0          ; 0    ; 0            ; |DE1_SoC|pipe_shifter:pip6      ; work         ;
;    |pipe_shifter:pip7|      ; 0 (0)             ; 7 (7)        ; 0                 ; 0          ; 0    ; 0            ; |DE1_SoC|pipe_shifter:pip7      ; work         ;
;    |rand_num3:r4|           ; 7 (4)             ; 6 (3)        ; 0                 ; 0          ; 0    ; 0            ; |DE1_SoC|rand_num3:r4           ; work         ;
;       |lfsr:l0|             ; 1 (1)             ; 1 (1)        ; 0                 ; 0          ; 0    ; 0            ; |DE1_SoC|rand_num3:r4|lfsr:l0   ; work         ;
;       |lfsr:l1|             ; 1 (1)             ; 1 (1)        ; 0                 ; 0          ; 0    ; 0            ; |DE1_SoC|rand_num3:r4|lfsr:l1   ; work         ;
;       |lfsr:l2|             ; 1 (1)             ; 1 (1)        ; 0                 ; 0          ; 0    ; 0            ; |DE1_SoC|rand_num3:r4|lfsr:l2   ; work         ;
;    |single_hex:d0|          ; 23 (23)           ; 7 (7)        ; 0                 ; 0          ; 0    ; 0            ; |DE1_SoC|single_hex:d0          ; work         ;
;    |single_hex:d1|          ; 23 (23)           ; 7 (7)        ; 0                 ; 0          ; 0    ; 0            ; |DE1_SoC|single_hex:d1          ; work         ;
;    |single_hex:d2|          ; 23 (23)           ; 7 (7)        ; 0                 ; 0          ; 0    ; 0            ; |DE1_SoC|single_hex:d2          ; work         ;
;    |status_checker:stat|    ; 8 (8)             ; 8 (8)        ; 0                 ; 0          ; 0    ; 0            ; |DE1_SoC|status_checker:stat    ; work         ;
;    |user_input:ui|          ; 1 (1)             ; 1 (1)        ; 0                 ; 0          ; 0    ; 0            ; |DE1_SoC|user_input:ui          ; work         ;
+-----------------------------+-------------------+--------------+-------------------+------------+------+--------------+---------------------------------+--------------+
Note: For table entries with two numbers listed, the numbers in parentheses indicate the number of resources of the given type used by the specific entity alone. The numbers listed outside of parentheses indicate the total resources of the given type used by the specific entity and all of its sub-entities in the hierarchy.


+--------------------------------------------------------------------------------------+
; Registers Removed During Synthesis                                                   ;
+-------------------------------------------+------------------------------------------+
; Register name                             ; Reason for Removal                       ;
+-------------------------------------------+------------------------------------------+
; pipe_generator:pip0|ps[7]                 ; Merged with pipe_generator:pip0|ps[0]    ;
; pipe_shifter:pip1|ps[7]                   ; Merged with pipe_shifter:pip1|ps[0]      ;
; pipe_shifter:pip2|ps[7]                   ; Merged with pipe_shifter:pip2|ps[0]      ;
; pipe_shifter:pip3|ps[7]                   ; Merged with pipe_shifter:pip3|ps[0]      ;
; pipe_shifter:pip4|ps[7]                   ; Merged with pipe_shifter:pip4|ps[0]      ;
; status_checker:stat|psp[7]                ; Merged with status_checker:stat|psp[0]   ;
; cc_light:l1|count[6]                      ; Merged with cc_light:l0|count[6]         ;
; cc_light:l2|count[6]                      ; Merged with cc_light:l0|count[6]         ;
; cc_light:l3|count[6]                      ; Merged with cc_light:l0|count[6]         ;
; cc_light:l4|count[6]                      ; Merged with cc_light:l0|count[6]         ;
; cc_light:l5|count[6]                      ; Merged with cc_light:l0|count[6]         ;
; cc_light:l6|count[6]                      ; Merged with cc_light:l0|count[6]         ;
; cc_light:l7|count[6]                      ; Merged with cc_light:l0|count[6]         ;
; cc_light:l1|count[5]                      ; Merged with cc_light:l0|count[5]         ;
; cc_light:l2|count[5]                      ; Merged with cc_light:l0|count[5]         ;
; cc_light:l3|count[5]                      ; Merged with cc_light:l0|count[5]         ;
; cc_light:l4|count[5]                      ; Merged with cc_light:l0|count[5]         ;
; cc_light:l5|count[5]                      ; Merged with cc_light:l0|count[5]         ;
; cc_light:l6|count[5]                      ; Merged with cc_light:l0|count[5]         ;
; cc_light:l7|count[5]                      ; Merged with cc_light:l0|count[5]         ;
; cc_light:l1|count[4]                      ; Merged with cc_light:l0|count[4]         ;
; cc_light:l2|count[4]                      ; Merged with cc_light:l0|count[4]         ;
; cc_light:l3|count[4]                      ; Merged with cc_light:l0|count[4]         ;
; cc_light:l4|count[4]                      ; Merged with cc_light:l0|count[4]         ;
; cc_light:l5|count[4]                      ; Merged with cc_light:l0|count[4]         ;
; cc_light:l6|count[4]                      ; Merged with cc_light:l0|count[4]         ;
; cc_light:l7|count[4]                      ; Merged with cc_light:l0|count[4]         ;
; cc_light:l1|count[3]                      ; Merged with cc_light:l0|count[3]         ;
; cc_light:l2|count[3]                      ; Merged with cc_light:l0|count[3]         ;
; cc_light:l3|count[3]                      ; Merged with cc_light:l0|count[3]         ;
; cc_light:l4|count[3]                      ; Merged with cc_light:l0|count[3]         ;
; cc_light:l5|count[3]                      ; Merged with cc_light:l0|count[3]         ;
; cc_light:l6|count[3]                      ; Merged with cc_light:l0|count[3]         ;
; cc_light:l7|count[3]                      ; Merged with cc_light:l0|count[3]         ;
; cc_light:l1|count[2]                      ; Merged with cc_light:l0|count[2]         ;
; cc_light:l2|count[2]                      ; Merged with cc_light:l0|count[2]         ;
; cc_light:l3|count[2]                      ; Merged with cc_light:l0|count[2]         ;
; cc_light:l4|count[2]                      ; Merged with cc_light:l0|count[2]         ;
; cc_light:l5|count[2]                      ; Merged with cc_light:l0|count[2]         ;
; cc_light:l6|count[2]                      ; Merged with cc_light:l0|count[2]         ;
; cc_light:l7|count[2]                      ; Merged with cc_light:l0|count[2]         ;
; cc_light:l1|count[1]                      ; Merged with cc_light:l0|count[1]         ;
; cc_light:l2|count[1]                      ; Merged with cc_light:l0|count[1]         ;
; cc_light:l3|count[1]                      ; Merged with cc_light:l0|count[1]         ;
; cc_light:l4|count[1]                      ; Merged with cc_light:l0|count[1]         ;
; cc_light:l5|count[1]                      ; Merged with cc_light:l0|count[1]         ;
; cc_light:l6|count[1]                      ; Merged with cc_light:l0|count[1]         ;
; cc_light:l7|count[1]                      ; Merged with cc_light:l0|count[1]         ;
; cc_light:l1|count[0]                      ; Merged with cc_light:l0|count[0]         ;
; cc_light:l2|count[0]                      ; Merged with cc_light:l0|count[0]         ;
; cc_light:l3|count[0]                      ; Merged with cc_light:l0|count[0]         ;
; cc_light:l4|count[0]                      ; Merged with cc_light:l0|count[0]         ;
; cc_light:l5|count[0]                      ; Merged with cc_light:l0|count[0]         ;
; cc_light:l6|count[0]                      ; Merged with cc_light:l0|count[0]         ;
; cc_light:l7|count[0]                      ; Merged with cc_light:l0|count[0]         ;
; rand_num3:r4|count[8]                     ; Merged with pipe_generator:pip0|count[8] ;
; rand_num3:r4|count[7]                     ; Merged with pipe_generator:pip0|count[7] ;
; rand_num3:r4|count[6]                     ; Merged with pipe_generator:pip0|count[6] ;
; rand_num3:r4|count[5]                     ; Merged with pipe_generator:pip0|count[5] ;
; rand_num3:r4|count[4]                     ; Merged with pipe_generator:pip0|count[4] ;
; rand_num3:r4|count[3]                     ; Merged with pipe_generator:pip0|count[3] ;
; rand_num3:r4|count[2]                     ; Merged with pipe_generator:pip0|count[2] ;
; rand_num3:r4|count[1]                     ; Merged with pipe_generator:pip0|count[1] ;
; rand_num3:r4|count[0]                     ; Merged with pipe_generator:pip0|count[0] ;
; pipe_shifter:pip2|count[7]                ; Merged with pipe_shifter:pip1|count[7]   ;
; pipe_shifter:pip3|count[7]                ; Merged with pipe_shifter:pip1|count[7]   ;
; pipe_shifter:pip4|count[7]                ; Merged with pipe_shifter:pip1|count[7]   ;
; pipe_shifter:pip5|count[7]                ; Merged with pipe_shifter:pip1|count[7]   ;
; pipe_shifter:pip6|count[7]                ; Merged with pipe_shifter:pip1|count[7]   ;
; pipe_shifter:pip7|count[7]                ; Merged with pipe_shifter:pip1|count[7]   ;
; pipe_shifter:pip2|count[6]                ; Merged with pipe_shifter:pip1|count[6]   ;
; pipe_shifter:pip3|count[6]                ; Merged with pipe_shifter:pip1|count[6]   ;
; pipe_shifter:pip4|count[6]                ; Merged with pipe_shifter:pip1|count[6]   ;
; pipe_shifter:pip5|count[6]                ; Merged with pipe_shifter:pip1|count[6]   ;
; pipe_shifter:pip6|count[6]                ; Merged with pipe_shifter:pip1|count[6]   ;
; pipe_shifter:pip7|count[6]                ; Merged with pipe_shifter:pip1|count[6]   ;
; pipe_shifter:pip2|count[5]                ; Merged with pipe_shifter:pip1|count[5]   ;
; pipe_shifter:pip3|count[5]                ; Merged with pipe_shifter:pip1|count[5]   ;
; pipe_shifter:pip4|count[5]                ; Merged with pipe_shifter:pip1|count[5]   ;
; pipe_shifter:pip5|count[5]                ; Merged with pipe_shifter:pip1|count[5]   ;
; pipe_shifter:pip6|count[5]                ; Merged with pipe_shifter:pip1|count[5]   ;
; pipe_shifter:pip7|count[5]                ; Merged with pipe_shifter:pip1|count[5]   ;
; pipe_shifter:pip2|count[4]                ; Merged with pipe_shifter:pip1|count[4]   ;
; pipe_shifter:pip3|count[4]                ; Merged with pipe_shifter:pip1|count[4]   ;
; pipe_shifter:pip4|count[4]                ; Merged with pipe_shifter:pip1|count[4]   ;
; pipe_shifter:pip5|count[4]                ; Merged with pipe_shifter:pip1|count[4]   ;
; pipe_shifter:pip6|count[4]                ; Merged with pipe_shifter:pip1|count[4]   ;
; pipe_shifter:pip7|count[4]                ; Merged with pipe_shifter:pip1|count[4]   ;
; pipe_shifter:pip2|count[3]                ; Merged with pipe_shifter:pip1|count[3]   ;
; pipe_shifter:pip3|count[3]                ; Merged with pipe_shifter:pip1|count[3]   ;
; pipe_shifter:pip4|count[3]                ; Merged with pipe_shifter:pip1|count[3]   ;
; pipe_shifter:pip5|count[3]                ; Merged with pipe_shifter:pip1|count[3]   ;
; pipe_shifter:pip6|count[3]                ; Merged with pipe_shifter:pip1|count[3]   ;
; pipe_shifter:pip7|count[3]                ; Merged with pipe_shifter:pip1|count[3]   ;
; pipe_shifter:pip2|count[2]                ; Merged with pipe_shifter:pip1|count[2]   ;
; pipe_shifter:pip3|count[2]                ; Merged with pipe_shifter:pip1|count[2]   ;
; pipe_shifter:pip4|count[2]                ; Merged with pipe_shifter:pip1|count[2]   ;
; pipe_shifter:pip5|count[2]                ; Merged with pipe_shifter:pip1|count[2]   ;
; pipe_shifter:pip6|count[2]                ; Merged with pipe_shifter:pip1|count[2]   ;
; pipe_shifter:pip7|count[2]                ; Merged with pipe_shifter:pip1|count[2]   ;
; pipe_shifter:pip2|count[1]                ; Merged with pipe_shifter:pip1|count[1]   ;
; pipe_shifter:pip3|count[1]                ; Merged with pipe_shifter:pip1|count[1]   ;
; pipe_shifter:pip4|count[1]                ; Merged with pipe_shifter:pip1|count[1]   ;
; pipe_shifter:pip5|count[1]                ; Merged with pipe_shifter:pip1|count[1]   ;
; pipe_shifter:pip6|count[1]                ; Merged with pipe_shifter:pip1|count[1]   ;
; pipe_shifter:pip7|count[1]                ; Merged with pipe_shifter:pip1|count[1]   ;
; pipe_shifter:pip2|count[0]                ; Merged with pipe_shifter:pip1|count[0]   ;
; pipe_shifter:pip3|count[0]                ; Merged with pipe_shifter:pip1|count[0]   ;
; pipe_shifter:pip4|count[0]                ; Merged with pipe_shifter:pip1|count[0]   ;
; pipe_shifter:pip5|count[0]                ; Merged with pipe_shifter:pip1|count[0]   ;
; pipe_shifter:pip6|count[0]                ; Merged with pipe_shifter:pip1|count[0]   ;
; pipe_shifter:pip7|count[0]                ; Merged with pipe_shifter:pip1|count[0]   ;
; pipe_shifter:pip5|ps[7]                   ; Merged with pipe_shifter:pip5|ps[0]      ;
; pipe_shifter:pip6|ps[7]                   ; Merged with pipe_shifter:pip6|ps[0]      ;
; pipe_shifter:pip7|ps[7]                   ; Merged with pipe_shifter:pip7|ps[0]      ;
; clock_divider:cdiv|divided_clocks[17..31] ; Lost fanout                              ;
; Total Number of Removed Registers = 130   ;                                          ;
+-------------------------------------------+------------------------------------------+


+------------------------------------------------------+
; General Register Statistics                          ;
+----------------------------------------------+-------+
; Statistic                                    ; Value ;
+----------------------------------------------+-------+
; Total registers                              ; 146   ;
; Number of registers using Synchronous Clear  ; 96    ;
; Number of registers using Synchronous Load   ; 15    ;
; Number of registers using Asynchronous Clear ; 0     ;
; Number of registers using Asynchronous Load  ; 0     ;
; Number of registers using Clock Enable       ; 84    ;
; Number of registers using Preset             ; 0     ;
+----------------------------------------------+-------+


+-----------------------------------------------------------------------------------------------------------------------------------------------------+
; Multiplexer Restructuring Statistics (Restructuring Performed)                                                                                      ;
+--------------------+-----------+---------------+----------------------+------------------------+------------+---------------------------------------+
; Multiplexer Inputs ; Bus Width ; Baseline Area ; Area if Restructured ; Saving if Restructured ; Registered ; Example Multiplexer Output            ;
+--------------------+-----------+---------------+----------------------+------------------------+------------+---------------------------------------+
; 3:1                ; 6 bits    ; 12 LEs        ; 6 LEs                ; 6 LEs                  ; Yes        ; |DE1_SoC|single_hex:d0|ps[2]          ;
; 3:1                ; 7 bits    ; 14 LEs        ; 7 LEs                ; 7 LEs                  ; Yes        ; |DE1_SoC|single_hex:d1|ps[1]          ;
; 3:1                ; 7 bits    ; 14 LEs        ; 7 LEs                ; 7 LEs                  ; Yes        ; |DE1_SoC|single_hex:d2|ps[0]          ;
; 3:1                ; 3 bits    ; 6 LEs         ; 3 LEs                ; 3 LEs                  ; Yes        ; |DE1_SoC|rand_num3:r4|out[1]          ;
; 4:1                ; 49 bits   ; 98 LEs        ; 0 LEs                ; 98 LEs                 ; Yes        ; |DE1_SoC|pipe_shifter:pip5|ps[1]      ;
; 5:1                ; 6 bits    ; 18 LEs        ; 12 LEs               ; 6 LEs                  ; Yes        ; |DE1_SoC|pipe_generator:pip0|ps[6]    ;
; 8:1                ; 7 bits    ; 35 LEs        ; 35 LEs               ; 0 LEs                  ; No         ; |DE1_SoC|led_matrix_driver:mega|Mux12 ;
+--------------------+-----------+---------------+----------------------+------------------------+------------+---------------------------------------+


+-------------------------------------------------------------------------+
; Parameter Settings for User Entity Instance: Top-level Entity: |DE1_SoC ;
+----------------+-------+------------------------------------------------+
; Parameter Name ; Value ; Type                                           ;
+----------------+-------+------------------------------------------------+
; whichClock     ; 16    ; Signed Integer                                 ;
; CC_DELAY       ; 7     ; Signed Integer                                 ;
; PIPE_DELAY     ; 8     ; Signed Integer                                 ;
+----------------+-------+------------------------------------------------+
Note: In order to hide this table in the UI and the text report file, please set the "Show Parameter Settings in Synthesis Report" option in "Analysis and Synthesis Settings -> More Settings" to "Off".


+----------------------------------------------------------+
; Parameter Settings for User Entity Instance: cc_light:l0 ;
+----------------+-------+---------------------------------+
; Parameter Name ; Value ; Type                            ;
+----------------+-------+---------------------------------+
; WIDTH          ; 7     ; Signed Integer                  ;
+----------------+-------+---------------------------------+
Note: In order to hide this table in the UI and the text report file, please set the "Show Parameter Settings in Synthesis Report" option in "Analysis and Synthesis Settings -> More Settings" to "Off".


+----------------------------------------------------------+
; Parameter Settings for User Entity Instance: cc_light:l1 ;
+----------------+-------+---------------------------------+
; Parameter Name ; Value ; Type                            ;
+----------------+-------+---------------------------------+
; WIDTH          ; 7     ; Signed Integer                  ;
+----------------+-------+---------------------------------+
Note: In order to hide this table in the UI and the text report file, please set the "Show Parameter Settings in Synthesis Report" option in "Analysis and Synthesis Settings -> More Settings" to "Off".


+----------------------------------------------------------+
; Parameter Settings for User Entity Instance: cc_light:l2 ;
+----------------+-------+---------------------------------+
; Parameter Name ; Value ; Type                            ;
+----------------+-------+---------------------------------+
; WIDTH          ; 7     ; Signed Integer                  ;
+----------------+-------+---------------------------------+
Note: In order to hide this table in the UI and the text report file, please set the "Show Parameter Settings in Synthesis Report" option in "Analysis and Synthesis Settings -> More Settings" to "Off".


+----------------------------------------------------------+
; Parameter Settings for User Entity Instance: cc_light:l3 ;
+----------------+-------+---------------------------------+
; Parameter Name ; Value ; Type                            ;
+----------------+-------+---------------------------------+
; WIDTH          ; 7     ; Signed Integer                  ;
+----------------+-------+---------------------------------+
Note: In order to hide this table in the UI and the text report file, please set the "Show Parameter Settings in Synthesis Report" option in "Analysis and Synthesis Settings -> More Settings" to "Off".


+----------------------------------------------------------+
; Parameter Settings for User Entity Instance: cc_light:l4 ;
+----------------+-------+---------------------------------+
; Parameter Name ; Value ; Type                            ;
+----------------+-------+---------------------------------+
; WIDTH          ; 7     ; Signed Integer                  ;
+----------------+-------+---------------------------------+
Note: In order to hide this table in the UI and the text report file, please set the "Show Parameter Settings in Synthesis Report" option in "Analysis and Synthesis Settings -> More Settings" to "Off".


+----------------------------------------------------------+
; Parameter Settings for User Entity Instance: cc_light:l5 ;
+----------------+-------+---------------------------------+
; Parameter Name ; Value ; Type                            ;
+----------------+-------+---------------------------------+
; WIDTH          ; 7     ; Signed Integer                  ;
+----------------+-------+---------------------------------+
Note: In order to hide this table in the UI and the text report file, please set the "Show Parameter Settings in Synthesis Report" option in "Analysis and Synthesis Settings -> More Settings" to "Off".


+----------------------------------------------------------+
; Parameter Settings for User Entity Instance: cc_light:l6 ;
+----------------+-------+---------------------------------+
; Parameter Name ; Value ; Type                            ;
+----------------+-------+---------------------------------+
; WIDTH          ; 7     ; Signed Integer                  ;
+----------------+-------+---------------------------------+
Note: In order to hide this table in the UI and the text report file, please set the "Show Parameter Settings in Synthesis Report" option in "Analysis and Synthesis Settings -> More Settings" to "Off".


+----------------------------------------------------------+
; Parameter Settings for User Entity Instance: cc_light:l7 ;
+----------------+-------+---------------------------------+
; Parameter Name ; Value ; Type                            ;
+----------------+-------+---------------------------------+
; WIDTH          ; 7     ; Signed Integer                  ;
+----------------+-------+---------------------------------+
Note: In order to hide this table in the UI and the text report file, please set the "Show Parameter Settings in Synthesis Report" option in "Analysis and Synthesis Settings -> More Settings" to "Off".


+-----------------------------------------------------------+
; Parameter Settings for User Entity Instance: rand_num3:r4 ;
+----------------+-------+----------------------------------+
; Parameter Name ; Value ; Type                             ;
+----------------+-------+----------------------------------+
; WIDTH          ; 9     ; Signed Integer                   ;
+----------------+-------+----------------------------------+
Note: In order to hide this table in the UI and the text report file, please set the "Show Parameter Settings in Synthesis Report" option in "Analysis and Synthesis Settings -> More Settings" to "Off".


+------------------------------------------------------------------+
; Parameter Settings for User Entity Instance: pipe_generator:pip0 ;
+----------------+-------+-----------------------------------------+
; Parameter Name ; Value ; Type                                    ;
+----------------+-------+-----------------------------------------+
; WIDTH          ; 9     ; Signed Integer                          ;
+----------------+-------+-----------------------------------------+
Note: In order to hide this table in the UI and the text report file, please set the "Show Parameter Settings in Synthesis Report" option in "Analysis and Synthesis Settings -> More Settings" to "Off".


+----------------------------------------------------------------+
; Parameter Settings for User Entity Instance: pipe_shifter:pip1 ;
+----------------+-------+---------------------------------------+
; Parameter Name ; Value ; Type                                  ;
+----------------+-------+---------------------------------------+
; WIDTH          ; 8     ; Signed Integer                        ;
+----------------+-------+---------------------------------------+
Note: In order to hide this table in the UI and the text report file, please set the "Show Parameter Settings in Synthesis Report" option in "Analysis and Synthesis Settings -> More Settings" to "Off".


+----------------------------------------------------------------+
; Parameter Settings for User Entity Instance: pipe_shifter:pip2 ;
+----------------+-------+---------------------------------------+
; Parameter Name ; Value ; Type                                  ;
+----------------+-------+---------------------------------------+
; WIDTH          ; 8     ; Signed Integer                        ;
+----------------+-------+---------------------------------------+
Note: In order to hide this table in the UI and the text report file, please set the "Show Parameter Settings in Synthesis Report" option in "Analysis and Synthesis Settings -> More Settings" to "Off".


+----------------------------------------------------------------+
; Parameter Settings for User Entity Instance: pipe_shifter:pip3 ;
+----------------+-------+---------------------------------------+
; Parameter Name ; Value ; Type                                  ;
+----------------+-------+---------------------------------------+
; WIDTH          ; 8     ; Signed Integer                        ;
+----------------+-------+---------------------------------------+
Note: In order to hide this table in the UI and the text report file, please set the "Show Parameter Settings in Synthesis Report" option in "Analysis and Synthesis Settings -> More Settings" to "Off".


+----------------------------------------------------------------+
; Parameter Settings for User Entity Instance: pipe_shifter:pip4 ;
+----------------+-------+---------------------------------------+
; Parameter Name ; Value ; Type                                  ;
+----------------+-------+---------------------------------------+
; WIDTH          ; 8     ; Signed Integer                        ;
+----------------+-------+---------------------------------------+
Note: In order to hide this table in the UI and the text report file, please set the "Show Parameter Settings in Synthesis Report" option in "Analysis and Synthesis Settings -> More Settings" to "Off".


+----------------------------------------------------------------+
; Parameter Settings for User Entity Instance: pipe_shifter:pip5 ;
+----------------+-------+---------------------------------------+
; Parameter Name ; Value ; Type                                  ;
+----------------+-------+---------------------------------------+
; WIDTH          ; 8     ; Signed Integer                        ;
+----------------+-------+---------------------------------------+
Note: In order to hide this table in the UI and the text report file, please set the "Show Parameter Settings in Synthesis Report" option in "Analysis and Synthesis Settings -> More Settings" to "Off".


+----------------------------------------------------------------+
; Parameter Settings for User Entity Instance: pipe_shifter:pip6 ;
+----------------+-------+---------------------------------------+
; Parameter Name ; Value ; Type                                  ;
+----------------+-------+---------------------------------------+
; WIDTH          ; 8     ; Signed Integer                        ;
+----------------+-------+---------------------------------------+
Note: In order to hide this table in the UI and the text report file, please set the "Show Parameter Settings in Synthesis Report" option in "Analysis and Synthesis Settings -> More Settings" to "Off".


+----------------------------------------------------------------+
; Parameter Settings for User Entity Instance: pipe_shifter:pip7 ;
+----------------+-------+---------------------------------------+
; Parameter Name ; Value ; Type                                  ;
+----------------+-------+---------------------------------------+
; WIDTH          ; 8     ; Signed Integer                        ;
+----------------+-------+---------------------------------------+
Note: In order to hide this table in the UI and the text report file, please set the "Show Parameter Settings in Synthesis Report" option in "Analysis and Synthesis Settings -> More Settings" to "Off".


+------------------------------------------------------------+
; Parameter Settings for User Entity Instance: single_hex:d0 ;
+----------------+---------+---------------------------------+
; Parameter Name ; Value   ; Type                            ;
+----------------+---------+---------------------------------+
; zero           ; 1000000 ; Unsigned Binary                 ;
; one            ; 1111001 ; Unsigned Binary                 ;
; two            ; 0100100 ; Unsigned Binary                 ;
; three          ; 0110000 ; Unsigned Binary                 ;
; four           ; 0011001 ; Unsigned Binary                 ;
; five           ; 0010010 ; Unsigned Binary                 ;
; six            ; 0000010 ; Unsigned Binary                 ;
; seven          ; 1111000 ; Unsigned Binary                 ;
; eight          ; 0000000 ; Unsigned Binary                 ;
; nine           ; 0010000 ; Unsigned Binary                 ;
+----------------+---------+---------------------------------+
Note: In order to hide this table in the UI and the text report file, please set the "Show Parameter Settings in Synthesis Report" option in "Analysis and Synthesis Settings -> More Settings" to "Off".


+------------------------------------------------------------+
; Parameter Settings for User Entity Instance: single_hex:d1 ;
+----------------+---------+---------------------------------+
; Parameter Name ; Value   ; Type                            ;
+----------------+---------+---------------------------------+
; zero           ; 1000000 ; Unsigned Binary                 ;
; one            ; 1111001 ; Unsigned Binary                 ;
; two            ; 0100100 ; Unsigned Binary                 ;
; three          ; 0110000 ; Unsigned Binary                 ;
; four           ; 0011001 ; Unsigned Binary                 ;
; five           ; 0010010 ; Unsigned Binary                 ;
; six            ; 0000010 ; Unsigned Binary                 ;
; seven          ; 1111000 ; Unsigned Binary                 ;
; eight          ; 0000000 ; Unsigned Binary                 ;
; nine           ; 0010000 ; Unsigned Binary                 ;
+----------------+---------+---------------------------------+
Note: In order to hide this table in the UI and the text report file, please set the "Show Parameter Settings in Synthesis Report" option in "Analysis and Synthesis Settings -> More Settings" to "Off".


+------------------------------------------------------------+
; Parameter Settings for User Entity Instance: single_hex:d2 ;
+----------------+---------+---------------------------------+
; Parameter Name ; Value   ; Type                            ;
+----------------+---------+---------------------------------+
; zero           ; 1000000 ; Unsigned Binary                 ;
; one            ; 1111001 ; Unsigned Binary                 ;
; two            ; 0100100 ; Unsigned Binary                 ;
; three          ; 0110000 ; Unsigned Binary                 ;
; four           ; 0011001 ; Unsigned Binary                 ;
; five           ; 0010010 ; Unsigned Binary                 ;
; six            ; 0000010 ; Unsigned Binary                 ;
; seven          ; 1111000 ; Unsigned Binary                 ;
; eight          ; 0000000 ; Unsigned Binary                 ;
; nine           ; 0010000 ; Unsigned Binary                 ;
+----------------+---------+---------------------------------+
Note: In order to hide this table in the UI and the text report file, please set the "Show Parameter Settings in Synthesis Report" option in "Analysis and Synthesis Settings -> More Settings" to "Off".


+-----------------------------------------------------------------------------------------------------------------+
; Port Connectivity Checks: "single_hex:d2"                                                                       ;
+-------+--------+----------+-------------------------------------------------------------------------------------+
; Port  ; Type   ; Severity ; Details                                                                             ;
+-------+--------+----------+-------------------------------------------------------------------------------------+
; dv    ; Input  ; Info     ; Stuck at VCC                                                                        ;
; cycle ; Output ; Info     ; Connected to dangling logic. Logic that only feeds a dangling port will be removed. ;
+-------+--------+----------+-------------------------------------------------------------------------------------+


+-------------------------------------------+
; Port Connectivity Checks: "single_hex:d1" ;
+------+-------+----------+-----------------+
; Port ; Type  ; Severity ; Details         ;
+------+-------+----------+-----------------+
; dv   ; Input ; Info     ; Stuck at VCC    ;
+------+-------+----------+-----------------+


+--------------------------------------------+
; Port Connectivity Checks: "single_hex:d0"  ;
+----------+-------+----------+--------------+
; Port     ; Type  ; Severity ; Details      ;
+----------+-------+----------+--------------+
; dv[5..0] ; Input ; Info     ; Stuck at GND ;
; dv[6]    ; Input ; Info     ; Stuck at VCC ;
+----------+-------+----------+--------------+


+----------------------------------------------------+
; Port Connectivity Checks: "led_matrix_driver:mega" ;
+-----------------+-------+----------+---------------+
; Port            ; Type  ; Severity ; Details       ;
+-----------------+-------+----------+---------------+
; red_array[7..1] ; Input ; Info     ; Stuck at GND  ;
+-----------------+-------+----------+---------------+


+-----------------------------------------+
; Port Connectivity Checks: "cc_light:l0" ;
+------+-------+----------+---------------+
; Port ; Type  ; Severity ; Details       ;
+------+-------+----------+---------------+
; ul   ; Input ; Info     ; Stuck at VCC  ;
+------+-------+----------+---------------+


+----------------------------------------------------------------------------------------------------------------------------------+
; Port Connectivity Checks: "clock_divider:cdiv"                                                                                   ;
+------------------------+--------+----------+-------------------------------------------------------------------------------------+
; Port                   ; Type   ; Severity ; Details                                                                             ;
+------------------------+--------+----------+-------------------------------------------------------------------------------------+
; divided_clocks[31..17] ; Output ; Info     ; Connected to dangling logic. Logic that only feeds a dangling port will be removed. ;
; divided_clocks[15..0]  ; Output ; Info     ; Connected to dangling logic. Logic that only feeds a dangling port will be removed. ;
+------------------------+--------+----------+-------------------------------------------------------------------------------------+


+-----------------------------------------------------+
; Post-Synthesis Netlist Statistics for Top Partition ;
+-----------------------+-----------------------------+
; Type                  ; Count                       ;
+-----------------------+-----------------------------+
; arriav_ff             ; 146                         ;
;     ENA               ; 9                           ;
;     ENA SCLR          ; 61                          ;
;     ENA SLD           ; 14                          ;
;     SCLR              ; 35                          ;
;     SLD               ; 1                           ;
;     plain             ; 26                          ;
; arriav_lcell_comb     ; 203                         ;
;     arith             ; 40                          ;
;         1 data inputs ; 39                          ;
;         2 data inputs ; 1                           ;
;     extend            ; 2                           ;
;         7 data inputs ; 2                           ;
;     normal            ; 161                         ;
;         0 data inputs ; 2                           ;
;         1 data inputs ; 12                          ;
;         2 data inputs ; 13                          ;
;         3 data inputs ; 36                          ;
;         4 data inputs ; 40                          ;
;         5 data inputs ; 13                          ;
;         6 data inputs ; 45                          ;
; boundary_port         ; 103                         ;
;                       ;                             ;
; Max LUT depth         ; 3.00                        ;
; Average LUT depth     ; 1.89                        ;
+-----------------------+-----------------------------+


+-------------------------------+
; Elapsed Time Per Partition    ;
+----------------+--------------+
; Partition Name ; Elapsed Time ;
+----------------+--------------+
; Top            ; 00:00:07     ;
+----------------+--------------+


+-------------------------------+
; Analysis & Synthesis Messages ;
+-------------------------------+
Info: *******************************************************************
Info: Running Quartus II 64-Bit Analysis & Synthesis
    Info: Version 14.0.0 Build 200 06/17/2014 SJ Full Version
    Info: Processing started: Tue Jun 02 15:44:56 2015
Info: Command: quartus_map --read_settings_files=on --write_settings_files=off DE1_SoC -c DE1_SoC
Info (11104): Parallel Compilation has detected 8 hyper-threaded processors. However, the extra hyper-threaded processors will not be used by default. Parallel Compilation will use 4 of the 4 physical processors detected instead.
Info (12021): Found 3 design units, including 3 entities, in source file de1_soc.sv
    Info (12023): Found entity 1: DE1_SoC
    Info (12023): Found entity 2: DE1_SoC_testbench
    Info (12023): Found entity 3: clock_divider
Info (12021): Found 2 design units, including 2 entities, in source file led_matrix_driver.sv
    Info (12023): Found entity 1: led_matrix_driver
    Info (12023): Found entity 2: led_matrix_driver_testbench
Info (12021): Found 2 design units, including 2 entities, in source file user_input.sv
    Info (12023): Found entity 1: user_input
    Info (12023): Found entity 2: user_input_testbench
Info (12021): Found 2 design units, including 2 entities, in source file active_game.sv
    Info (12023): Found entity 1: active_game
    Info (12023): Found entity 2: active_game_testbench
Info (12021): Found 2 design units, including 2 entities, in source file cc_light.sv
    Info (12023): Found entity 1: cc_light
    Info (12023): Found entity 2: cc_light_testbench
Info (12021): Found 2 design units, including 2 entities, in source file pipe_generator.sv
    Info (12023): Found entity 1: pipe_generator
    Info (12023): Found entity 2: pipe_generator_testbench
Info (12021): Found 4 design units, including 4 entities, in source file rand_num.sv
    Info (12023): Found entity 1: rand_num3
    Info (12023): Found entity 2: rand_num3_testbench
    Info (12023): Found entity 3: lfsr
    Info (12023): Found entity 4: lfsr_testbench
Info (12021): Found 2 design units, including 2 entities, in source file pipe_shifter.sv
    Info (12023): Found entity 1: pipe_shifter
    Info (12023): Found entity 2: pipe_shifter_testbench
Info (12021): Found 2 design units, including 2 entities, in source file single_hex.sv
    Info (12023): Found entity 1: single_hex
    Info (12023): Found entity 2: single_hex_testbench
Info (12021): Found 2 design units, including 2 entities, in source file status_checker.sv
    Info (12023): Found entity 1: status_checker
    Info (12023): Found entity 2: status_checker_testbench
Info (12127): Elaborating entity "DE1_SoC" for the top level hierarchy
Info (12128): Elaborating entity "clock_divider" for hierarchy "clock_divider:cdiv"
Info (12128): Elaborating entity "user_input" for hierarchy "user_input:ui"
Info (12128): Elaborating entity "active_game" for hierarchy "active_game:a"
Info (12128): Elaborating entity "cc_light" for hierarchy "cc_light:l0"
Warning (10230): Verilog HDL assignment warning at cc_light.sv(37): truncated value with size 32 to match size of target (7)
Info (12128): Elaborating entity "rand_num3" for hierarchy "rand_num3:r4"
Warning (10230): Verilog HDL assignment warning at rand_num.sv(23): truncated value with size 32 to match size of target (9)
Info (12128): Elaborating entity "lfsr" for hierarchy "rand_num3:r4|lfsr:l0"
Info (12128): Elaborating entity "pipe_generator" for hierarchy "pipe_generator:pip0"
Warning (10230): Verilog HDL assignment warning at pipe_generator.sv(44): truncated value with size 32 to match size of target (9)
Info (12128): Elaborating entity "pipe_shifter" for hierarchy "pipe_shifter:pip1"
Warning (10230): Verilog HDL assignment warning at pipe_shifter.sv(26): truncated value with size 32 to match size of target (8)
Info (12128): Elaborating entity "led_matrix_driver" for hierarchy "led_matrix_driver:mega"
Info (12128): Elaborating entity "status_checker" for hierarchy "status_checker:stat"
Info (12128): Elaborating entity "single_hex" for hierarchy "single_hex:d0"
Info (286030): Timing-Driven Synthesis is running
Info (17049): 15 registers lost all their fanouts during netlist optimizations.
Info (144001): Generated suppressed messages file U:/ee271/lab8/output_files/DE1_SoC.map.smsg
Info (16010): Generating hard_block partition "hard_block:auto_generated_inst"
    Info (16011): Adding 0 node(s), including 0 DDIO, 0 PLL, 0 transceiver and 0 LCELL
Info (21057): Implemented 352 device resources after synthesis - the final resource count might be different
    Info (21058): Implemented 15 input pins
    Info (21059): Implemented 88 output pins
    Info (21061): Implemented 249 logic cells
Info: Quartus II 64-Bit Analysis & Synthesis was successful. 0 errors, 4 warnings
    Info: Peak virtual memory: 640 megabytes
    Info: Processing ended: Tue Jun 02 15:45:16 2015
    Info: Elapsed time: 00:00:20
    Info: Total CPU time (on all processors): 00:00:03


+------------------------------------------+
; Analysis & Synthesis Suppressed Messages ;
+------------------------------------------+
The suppressed messages can be found in U:/ee271/lab8/output_files/DE1_SoC.map.smsg.


